2025-10-03 00:39:07,670 - KnowledgeLoader - INFO - logger:info:83 - Knowledge Loader initialized with 7 datasets 
2025-10-03 00:39:07,681 - KnowledgeLoader - WARNING - logger:warning:89 - Dataset file not found: dawsos/storage/knowledge/ui_configurations.json 
2025-10-03 00:39:07,728 - KnowledgeLoader - WARNING - logger:warning:89 - Dataset file not found: dawsos/storage/knowledge/ui_configurations.json 
2025-10-03 00:39:07,728 - KnowledgeLoader - WARNING - logger:warning:89 - Dataset file not found: dawsos/storage/knowledge/sector_correlations.json 
2025-10-03 00:39:07,728 - KnowledgeLoader - WARNING - logger:warning:89 - Dataset file not found: dawsos/storage/knowledge/sector_correlations.json 
2025-10-03 00:39:07,732 - KnowledgeLoader - WARNING - logger:warning:89 - Dataset file not found: dawsos/storage/knowledge/sector_performance.json 
2025-10-03 00:39:07,732 - KnowledgeLoader - WARNING - logger:warning:89 - Dataset file not found: dawsos/storage/knowledge/economic_cycles.json 
2025-10-03 00:39:07,733 - KnowledgeLoader - WARNING - logger:warning:89 - Dataset file not found: dawsos/storage/knowledge/ui_configurations.json 
2025-10-03 00:39:07,733 - KnowledgeLoader - WARNING - logger:warning:89 - Dataset file not found: dawsos/storage/knowledge/ui_configurations.json 
2025-10-03 00:39:16,518 - KnowledgeLoader - WARNING - logger:warning:89 - Dataset file not found: dawsos/storage/knowledge/ui_configurations.json 
2025-10-03 00:45:47,859 - KnowledgeLoader - INFO - logger:info:83 - Knowledge Loader initialized with 7 datasets 
2025-10-03 00:45:47,868 - KnowledgeLoader - WARNING - logger:warning:89 - Dataset file not found: dawsos/storage/knowledge/ui_configurations.json 
2025-10-03 00:45:47,885 - KnowledgeLoader - WARNING - logger:warning:89 - Dataset file not found: dawsos/storage/knowledge/ui_configurations.json 
2025-10-03 00:45:47,886 - KnowledgeLoader - WARNING - logger:warning:89 - Dataset file not found: dawsos/storage/knowledge/sector_correlations.json 
2025-10-03 00:45:47,886 - KnowledgeLoader - WARNING - logger:warning:89 - Dataset file not found: dawsos/storage/knowledge/sector_correlations.json 
2025-10-03 00:45:47,892 - KnowledgeLoader - WARNING - logger:warning:89 - Dataset file not found: dawsos/storage/knowledge/sector_performance.json 
2025-10-03 00:45:47,892 - KnowledgeLoader - WARNING - logger:warning:89 - Dataset file not found: dawsos/storage/knowledge/economic_cycles.json 
2025-10-03 00:45:47,893 - KnowledgeLoader - WARNING - logger:warning:89 - Dataset file not found: dawsos/storage/knowledge/ui_configurations.json 
2025-10-03 00:45:47,893 - KnowledgeLoader - WARNING - logger:warning:89 - Dataset file not found: dawsos/storage/knowledge/ui_configurations.json 
2025-10-03 00:46:40,769 - KnowledgeLoader - WARNING - logger:warning:89 - Dataset file not found: dawsos/storage/knowledge/ui_configurations.json 
2025-10-03 00:46:40,821 - KnowledgeLoader - WARNING - logger:warning:89 - Dataset file not found: dawsos/storage/knowledge/ui_configurations.json 
2025-10-03 00:46:40,821 - KnowledgeLoader - WARNING - logger:warning:89 - Dataset file not found: dawsos/storage/knowledge/sector_correlations.json 
2025-10-03 00:46:40,822 - KnowledgeLoader - WARNING - logger:warning:89 - Dataset file not found: dawsos/storage/knowledge/sector_correlations.json 
2025-10-03 00:46:40,827 - KnowledgeLoader - WARNING - logger:warning:89 - Dataset file not found: dawsos/storage/knowledge/sector_performance.json 
2025-10-03 00:46:40,827 - KnowledgeLoader - WARNING - logger:warning:89 - Dataset file not found: dawsos/storage/knowledge/economic_cycles.json 
2025-10-03 00:46:40,827 - KnowledgeLoader - WARNING - logger:warning:89 - Dataset file not found: dawsos/storage/knowledge/ui_configurations.json 
2025-10-03 00:46:40,827 - KnowledgeLoader - WARNING - logger:warning:89 - Dataset file not found: dawsos/storage/knowledge/ui_configurations.json 
2025-10-03 00:46:40,920 - KnowledgeLoader - WARNING - logger:warning:89 - Dataset file not found: dawsos/storage/knowledge/ui_configurations.json 
2025-10-03 00:46:40,941 - KnowledgeLoader - WARNING - logger:warning:89 - Dataset file not found: dawsos/storage/knowledge/ui_configurations.json 
2025-10-03 00:46:40,941 - KnowledgeLoader - WARNING - logger:warning:89 - Dataset file not found: dawsos/storage/knowledge/sector_correlations.json 
2025-10-03 00:46:40,942 - KnowledgeLoader - WARNING - logger:warning:89 - Dataset file not found: dawsos/storage/knowledge/sector_correlations.json 
2025-10-03 00:46:40,945 - KnowledgeLoader - WARNING - logger:warning:89 - Dataset file not found: dawsos/storage/knowledge/sector_performance.json 
2025-10-03 00:46:40,945 - KnowledgeLoader - WARNING - logger:warning:89 - Dataset file not found: dawsos/storage/knowledge/economic_cycles.json 
2025-10-03 00:46:40,945 - KnowledgeLoader - WARNING - logger:warning:89 - Dataset file not found: dawsos/storage/knowledge/ui_configurations.json 
2025-10-03 00:46:40,945 - KnowledgeLoader - WARNING - logger:warning:89 - Dataset file not found: dawsos/storage/knowledge/ui_configurations.json 
2025-10-03 08:52:38,732 - KnowledgeLoader - INFO - logger:info:83 - Knowledge Loader initialized with 7 datasets 
2025-10-03 08:52:38,745 - KnowledgeLoader - WARNING - logger:warning:89 - Dataset file not found: dawsos/storage/knowledge/ui_configurations.json 
2025-10-03 08:52:38,795 - KnowledgeLoader - WARNING - logger:warning:89 - Dataset file not found: dawsos/storage/knowledge/ui_configurations.json 
2025-10-03 08:52:38,795 - KnowledgeLoader - WARNING - logger:warning:89 - Dataset file not found: dawsos/storage/knowledge/sector_correlations.json 
2025-10-03 08:52:38,796 - KnowledgeLoader - WARNING - logger:warning:89 - Dataset file not found: dawsos/storage/knowledge/sector_correlations.json 
2025-10-03 08:52:38,800 - KnowledgeLoader - WARNING - logger:warning:89 - Dataset file not found: dawsos/storage/knowledge/sector_performance.json 
2025-10-03 08:52:38,800 - KnowledgeLoader - WARNING - logger:warning:89 - Dataset file not found: dawsos/storage/knowledge/economic_cycles.json 
2025-10-03 08:52:38,800 - KnowledgeLoader - WARNING - logger:warning:89 - Dataset file not found: dawsos/storage/knowledge/ui_configurations.json 
2025-10-03 08:52:38,801 - KnowledgeLoader - WARNING - logger:warning:89 - Dataset file not found: dawsos/storage/knowledge/ui_configurations.json 
2025-10-03 08:53:02,866 - KnowledgeLoader - WARNING - logger:warning:89 - Dataset file not found: dawsos/storage/knowledge/ui_configurations.json 
2025-10-03 08:53:02,906 - KnowledgeLoader - WARNING - logger:warning:89 - Dataset file not found: dawsos/storage/knowledge/ui_configurations.json 
2025-10-03 08:53:02,906 - KnowledgeLoader - WARNING - logger:warning:89 - Dataset file not found: dawsos/storage/knowledge/sector_correlations.json 
2025-10-03 08:53:02,906 - KnowledgeLoader - WARNING - logger:warning:89 - Dataset file not found: dawsos/storage/knowledge/sector_correlations.json 
2025-10-03 08:53:02,910 - KnowledgeLoader - WARNING - logger:warning:89 - Dataset file not found: dawsos/storage/knowledge/sector_performance.json 
2025-10-03 08:53:02,910 - KnowledgeLoader - WARNING - logger:warning:89 - Dataset file not found: dawsos/storage/knowledge/economic_cycles.json 
2025-10-03 08:53:02,910 - KnowledgeLoader - WARNING - logger:warning:89 - Dataset file not found: dawsos/storage/knowledge/ui_configurations.json 
2025-10-03 08:53:02,911 - KnowledgeLoader - WARNING - logger:warning:89 - Dataset file not found: dawsos/storage/knowledge/ui_configurations.json 
2025-10-03 09:00:25,987 - KnowledgeLoader - WARNING - logger:warning:89 - Dataset file not found: dawsos/storage/knowledge/ui_configurations.json 
2025-10-03 09:00:26,038 - KnowledgeLoader - WARNING - logger:warning:89 - Dataset file not found: dawsos/storage/knowledge/ui_configurations.json 
2025-10-03 09:00:26,038 - KnowledgeLoader - WARNING - logger:warning:89 - Dataset file not found: dawsos/storage/knowledge/sector_correlations.json 
2025-10-03 09:00:26,039 - KnowledgeLoader - WARNING - logger:warning:89 - Dataset file not found: dawsos/storage/knowledge/sector_correlations.json 
2025-10-03 09:00:26,044 - KnowledgeLoader - WARNING - logger:warning:89 - Dataset file not found: dawsos/storage/knowledge/sector_performance.json 
2025-10-03 09:00:26,044 - KnowledgeLoader - WARNING - logger:warning:89 - Dataset file not found: dawsos/storage/knowledge/economic_cycles.json 
2025-10-03 09:00:26,045 - KnowledgeLoader - WARNING - logger:warning:89 - Dataset file not found: dawsos/storage/knowledge/ui_configurations.json 
2025-10-03 09:00:26,045 - KnowledgeLoader - WARNING - logger:warning:89 - Dataset file not found: dawsos/storage/knowledge/ui_configurations.json 
2025-10-03 09:01:20,235 - KnowledgeLoader - WARNING - logger:warning:89 - Dataset file not found: dawsos/storage/knowledge/ui_configurations.json 
2025-10-03 09:01:20,290 - KnowledgeLoader - WARNING - logger:warning:89 - Dataset file not found: dawsos/storage/knowledge/ui_configurations.json 
2025-10-03 09:01:20,290 - KnowledgeLoader - WARNING - logger:warning:89 - Dataset file not found: dawsos/storage/knowledge/sector_correlations.json 
2025-10-03 09:01:20,291 - KnowledgeLoader - WARNING - logger:warning:89 - Dataset file not found: dawsos/storage/knowledge/sector_correlations.json 
2025-10-03 09:01:20,295 - KnowledgeLoader - WARNING - logger:warning:89 - Dataset file not found: dawsos/storage/knowledge/sector_performance.json 
2025-10-03 09:01:20,295 - KnowledgeLoader - WARNING - logger:warning:89 - Dataset file not found: dawsos/storage/knowledge/economic_cycles.json 
2025-10-03 09:01:20,295 - KnowledgeLoader - WARNING - logger:warning:89 - Dataset file not found: dawsos/storage/knowledge/ui_configurations.json 
2025-10-03 09:01:20,296 - KnowledgeLoader - WARNING - logger:warning:89 - Dataset file not found: dawsos/storage/knowledge/ui_configurations.json 
2025-10-03 09:01:45,687 - KnowledgeLoader - WARNING - logger:warning:89 - Dataset file not found: dawsos/storage/knowledge/ui_configurations.json 
2025-10-03 09:01:45,739 - KnowledgeLoader - WARNING - logger:warning:89 - Dataset file not found: dawsos/storage/knowledge/ui_configurations.json 
2025-10-03 09:01:45,764 - KnowledgeLoader - WARNING - logger:warning:89 - Dataset file not found: dawsos/storage/knowledge/ui_configurations.json 
2025-10-03 09:01:45,764 - KnowledgeLoader - WARNING - logger:warning:89 - Dataset file not found: dawsos/storage/knowledge/sector_correlations.json 
2025-10-03 09:01:45,765 - KnowledgeLoader - WARNING - logger:warning:89 - Dataset file not found: dawsos/storage/knowledge/sector_correlations.json 
2025-10-03 09:01:45,769 - KnowledgeLoader - WARNING - logger:warning:89 - Dataset file not found: dawsos/storage/knowledge/sector_performance.json 
2025-10-03 09:01:45,770 - KnowledgeLoader - WARNING - logger:warning:89 - Dataset file not found: dawsos/storage/knowledge/economic_cycles.json 
2025-10-03 09:01:45,770 - KnowledgeLoader - WARNING - logger:warning:89 - Dataset file not found: dawsos/storage/knowledge/ui_configurations.json 
2025-10-03 09:01:45,770 - KnowledgeLoader - WARNING - logger:warning:89 - Dataset file not found: dawsos/storage/knowledge/ui_configurations.json 
2025-10-03 12:25:15,098 - KnowledgeLoader - INFO - logger:info:83 - Knowledge Loader initialized with 26 datasets 
2025-10-03 12:34:27,942 - KnowledgeLoader - INFO - logger:info:83 - Knowledge Loader initialized with 26 datasets 
2025-10-03 16:39:57,578 - KnowledgeLoader - INFO - logger:info:83 - Knowledge Loader initialized with 26 datasets 
2025-10-03 16:39:57,587 - KnowledgeLoader - WARNING - logger:warning:89 - Dataset file not found: dawsos/storage/knowledge/ui_configurations.json 
2025-10-03 16:39:57,642 - KnowledgeLoader - WARNING - logger:warning:89 - Dataset file not found: dawsos/storage/knowledge/ui_configurations.json 
2025-10-03 16:39:57,643 - KnowledgeLoader - WARNING - logger:warning:89 - Dataset file not found: dawsos/storage/knowledge/sector_correlations.json 
2025-10-03 16:39:57,643 - KnowledgeLoader - WARNING - logger:warning:89 - Dataset file not found: dawsos/storage/knowledge/sector_correlations.json 
2025-10-03 16:39:57,663 - KnowledgeLoader - WARNING - logger:warning:89 - Dataset file not found: dawsos/storage/knowledge/sector_performance.json 
2025-10-03 16:39:57,663 - KnowledgeLoader - WARNING - logger:warning:89 - Dataset file not found: dawsos/storage/knowledge/economic_cycles.json 
2025-10-03 16:39:57,663 - KnowledgeLoader - WARNING - logger:warning:89 - Dataset file not found: dawsos/storage/knowledge/ui_configurations.json 
2025-10-03 16:39:57,663 - KnowledgeLoader - WARNING - logger:warning:89 - Dataset file not found: dawsos/storage/knowledge/ui_configurations.json 
2025-10-03 16:40:23,742 - KnowledgeLoader - INFO - logger:info:83 - Knowledge Loader initialized with 26 datasets 
2025-10-03 16:40:23,752 - KnowledgeLoader - WARNING - logger:warning:89 - Dataset file not found: dawsos/storage/knowledge/ui_configurations.json 
2025-10-03 16:40:23,781 - KnowledgeLoader - WARNING - logger:warning:89 - Dataset file not found: dawsos/storage/knowledge/ui_configurations.json 
2025-10-03 16:40:23,781 - KnowledgeLoader - WARNING - logger:warning:89 - Dataset file not found: dawsos/storage/knowledge/sector_correlations.json 
2025-10-03 16:40:23,783 - KnowledgeLoader - WARNING - logger:warning:89 - Dataset file not found: dawsos/storage/knowledge/sector_correlations.json 
2025-10-03 16:40:23,795 - KnowledgeLoader - WARNING - logger:warning:89 - Dataset file not found: dawsos/storage/knowledge/sector_performance.json 
2025-10-03 16:40:23,795 - KnowledgeLoader - WARNING - logger:warning:89 - Dataset file not found: dawsos/storage/knowledge/economic_cycles.json 
2025-10-03 16:40:23,795 - KnowledgeLoader - WARNING - logger:warning:89 - Dataset file not found: dawsos/storage/knowledge/ui_configurations.json 
2025-10-03 16:40:23,796 - KnowledgeLoader - WARNING - logger:warning:89 - Dataset file not found: dawsos/storage/knowledge/ui_configurations.json 
