2025-10-01 20:27:04,244 - PatternEngine - DEBUG - logger:debug:78 - Loaded pattern: schema {"file": "patterns/schema.json"}
2025-10-01 20:27:04,244 - PatternEngine - DEBUG - logger:debug:78 - Loaded pattern: watchlist_update {"file": "patterns/ui/watchlist_update.json"}
2025-10-01 20:27:04,244 - PatternEngine - DEBUG - logger:debug:78 - Loaded pattern: help_guide {"file": "patterns/ui/help_guide.json"}
2025-10-01 20:27:04,244 - PatternEngine - DEBUG - logger:debug:78 - Loaded pattern: dashboard_update {"file": "patterns/ui/dashboard_update.json"}
2025-10-01 20:27:04,245 - PatternEngine - DEBUG - logger:debug:78 - Loaded pattern: sentiment_analysis {"file": "patterns/analysis/sentiment_analysis.json"}
2025-10-01 20:27:04,245 - PatternEngine - DEBUG - logger:debug:78 - Loaded pattern: risk_assessment {"file": "patterns/analysis/risk_assessment.json"}
2025-10-01 20:27:04,245 - PatternEngine - DEBUG - logger:debug:78 - Loaded pattern: portfolio_analysis {"file": "patterns/analysis/portfolio_analysis.json"}
2025-10-01 20:27:04,245 - PatternEngine - DEBUG - logger:debug:78 - Loaded pattern: buffett_checklist {"file": "patterns/analysis/buffett_checklist.json"}
2025-10-01 20:27:04,246 - PatternEngine - DEBUG - logger:debug:78 - Loaded pattern: moat_analyzer {"file": "patterns/analysis/moat_analyzer.json"}
2025-10-01 20:27:04,246 - PatternEngine - DEBUG - logger:debug:78 - Loaded pattern: fundamental_analysis {"file": "patterns/analysis/fundamental_analysis.json"}
2025-10-01 20:27:04,246 - PatternEngine - DEBUG - logger:debug:78 - Loaded pattern: earnings_analysis {"file": "patterns/analysis/earnings_analysis.json"}
2025-10-01 20:27:04,246 - PatternEngine - DEBUG - logger:debug:78 - Loaded pattern: technical_analysis {"file": "patterns/analysis/technical_analysis.json"}
2025-10-01 20:27:04,247 - PatternEngine - DEBUG - logger:debug:78 - Loaded pattern: dalio_cycle {"file": "patterns/analysis/dalio_cycle.json"}
2025-10-01 20:27:04,247 - PatternEngine - DEBUG - logger:debug:78 - Loaded pattern: owner_earnings {"file": "patterns/analysis/owner_earnings.json"}
2025-10-01 20:27:04,247 - PatternEngine - DEBUG - logger:debug:78 - Loaded pattern: sector_performance {"file": "patterns/queries/sector_performance.json"}
2025-10-01 20:27:04,247 - PatternEngine - DEBUG - logger:debug:78 - Loaded pattern: market_regime {"file": "patterns/queries/market_regime.json"}
2025-10-01 20:27:04,247 - PatternEngine - DEBUG - logger:debug:78 - Loaded pattern: macro_analysis {"file": "patterns/queries/macro_analysis.json"}
2025-10-01 20:27:04,248 - PatternEngine - DEBUG - logger:debug:78 - Loaded pattern: correlation_finder {"file": "patterns/queries/correlation_finder.json"}
2025-10-01 20:27:04,248 - PatternEngine - DEBUG - logger:debug:78 - Loaded pattern: company_analysis {"file": "patterns/queries/company_analysis.json"}
2025-10-01 20:27:04,248 - PatternEngine - DEBUG - logger:debug:78 - Loaded pattern: stock_price {"file": "patterns/queries/stock_price.json"}
2025-10-01 20:27:04,248 - PatternEngine - DEBUG - logger:debug:78 - Loaded pattern: portfolio_review {"file": "patterns/workflows/portfolio_review.json"}
2025-10-01 20:27:04,248 - PatternEngine - DEBUG - logger:debug:78 - Loaded pattern: morning_briefing {"file": "patterns/workflows/morning_briefing.json"}
2025-10-01 20:27:04,249 - PatternEngine - DEBUG - logger:debug:78 - Loaded pattern: opportunity_scan {"file": "patterns/workflows/opportunity_scan.json"}
2025-10-01 20:27:04,249 - PatternEngine - DEBUG - logger:debug:78 - Loaded pattern: deep_dive {"file": "patterns/workflows/deep_dive.json"}
2025-10-01 20:27:04,249 - PatternEngine - DEBUG - logger:debug:78 - Loaded pattern: add_to_portfolio {"file": "patterns/actions/add_to_portfolio.json"}
2025-10-01 20:27:04,249 - PatternEngine - DEBUG - logger:debug:78 - Loaded pattern: generate_forecast {"file": "patterns/actions/generate_forecast.json"}
2025-10-01 20:27:04,249 - PatternEngine - DEBUG - logger:debug:78 - Loaded pattern: create_alert {"file": "patterns/actions/create_alert.json"}
2025-10-01 20:27:04,250 - PatternEngine - DEBUG - logger:debug:78 - Loaded pattern: export_data {"file": "patterns/actions/export_data.json"}
2025-10-01 20:27:04,250 - PatternEngine - DEBUG - logger:debug:78 - Loaded pattern: add_to_graph {"file": "patterns/actions/add_to_graph.json"}
2025-10-01 20:27:04,250 - PatternEngine - DEBUG - logger:debug:78 - Pattern match: moat_analyzer {"pattern_id": "moat_analyzer", "confidence": 0.2, "matched": true}
2025-10-01 20:27:04,250 - PatternEngine - DEBUG - logger:debug:78 - Pattern match: moat_analyzer {"pattern_id": "moat_analyzer", "confidence": 0.2, "matched": true}
2025-10-01 20:27:04,250 - PatternEngine - DEBUG - logger:debug:78 - Pattern match: moat_analyzer {"pattern_id": "moat_analyzer", "confidence": 0.2, "matched": true}
2025-10-01 20:27:04,250 - PatternEngine - DEBUG - logger:debug:78 - Pattern match: dalio_cycle {"pattern_id": "dalio_cycle", "confidence": 0.2, "matched": true}
2025-10-01 20:27:04,262 - PatternEngine - DEBUG - logger:debug:78 - Pattern match: dalio_cycle {"pattern_id": "dalio_cycle", "confidence": 0.1, "matched": true}
2025-10-01 20:27:04,265 - PatternEngine - DEBUG - logger:debug:78 - Pattern match: dalio_cycle {"pattern_id": "dalio_cycle", "confidence": 0.2, "matched": true}
2025-10-01 20:27:05,374 - PatternEngine - DEBUG - logger:debug:78 - Pattern match: stock_price {"pattern_id": "stock_price", "confidence": 0.2, "matched": true}
2025-10-01 20:27:05,375 - PatternEngine - DEBUG - logger:debug:78 - Pattern match: moat_analyzer {"pattern_id": "moat_analyzer", "confidence": 0.2, "matched": true}
2025-10-01 20:27:05,375 - PatternEngine - DEBUG - logger:debug:78 - Pattern match: dalio_cycle {"pattern_id": "dalio_cycle", "confidence": 0.2, "matched": true}
2025-10-01 20:27:05,375 - PatternEngine - DEBUG - logger:debug:78 - Pattern match: correlation_finder {"pattern_id": "correlation_finder", "confidence": 0.1, "matched": true}
2025-10-01 20:27:05,375 - PatternEngine - DEBUG - logger:debug:78 - Pattern match: market_regime {"pattern_id": "market_regime", "confidence": 0.1, "matched": true}
2025-10-01 20:27:09,964 - PatternEngine - DEBUG - logger:debug:78 - Loaded pattern: schema {"file": "patterns/schema.json"}
2025-10-01 20:27:09,964 - PatternEngine - DEBUG - logger:debug:78 - Loaded pattern: watchlist_update {"file": "patterns/ui/watchlist_update.json"}
2025-10-01 20:27:09,965 - PatternEngine - DEBUG - logger:debug:78 - Loaded pattern: help_guide {"file": "patterns/ui/help_guide.json"}
2025-10-01 20:27:09,965 - PatternEngine - DEBUG - logger:debug:78 - Loaded pattern: dashboard_update {"file": "patterns/ui/dashboard_update.json"}
2025-10-01 20:27:09,965 - PatternEngine - DEBUG - logger:debug:78 - Loaded pattern: sentiment_analysis {"file": "patterns/analysis/sentiment_analysis.json"}
2025-10-01 20:27:09,965 - PatternEngine - DEBUG - logger:debug:78 - Loaded pattern: risk_assessment {"file": "patterns/analysis/risk_assessment.json"}
2025-10-01 20:27:09,965 - PatternEngine - DEBUG - logger:debug:78 - Loaded pattern: portfolio_analysis {"file": "patterns/analysis/portfolio_analysis.json"}
2025-10-01 20:27:09,965 - PatternEngine - DEBUG - logger:debug:78 - Loaded pattern: buffett_checklist {"file": "patterns/analysis/buffett_checklist.json"}
2025-10-01 20:27:09,965 - PatternEngine - DEBUG - logger:debug:78 - Loaded pattern: moat_analyzer {"file": "patterns/analysis/moat_analyzer.json"}
2025-10-01 20:27:09,965 - PatternEngine - DEBUG - logger:debug:78 - Loaded pattern: fundamental_analysis {"file": "patterns/analysis/fundamental_analysis.json"}
2025-10-01 20:27:09,965 - PatternEngine - DEBUG - logger:debug:78 - Loaded pattern: earnings_analysis {"file": "patterns/analysis/earnings_analysis.json"}
2025-10-01 20:27:09,965 - PatternEngine - DEBUG - logger:debug:78 - Loaded pattern: technical_analysis {"file": "patterns/analysis/technical_analysis.json"}
2025-10-01 20:27:09,965 - PatternEngine - DEBUG - logger:debug:78 - Loaded pattern: dalio_cycle {"file": "patterns/analysis/dalio_cycle.json"}
2025-10-01 20:27:09,965 - PatternEngine - DEBUG - logger:debug:78 - Loaded pattern: owner_earnings {"file": "patterns/analysis/owner_earnings.json"}
2025-10-01 20:27:09,965 - PatternEngine - DEBUG - logger:debug:78 - Loaded pattern: sector_performance {"file": "patterns/queries/sector_performance.json"}
2025-10-01 20:27:09,965 - PatternEngine - DEBUG - logger:debug:78 - Loaded pattern: market_regime {"file": "patterns/queries/market_regime.json"}
2025-10-01 20:27:09,965 - PatternEngine - DEBUG - logger:debug:78 - Loaded pattern: macro_analysis {"file": "patterns/queries/macro_analysis.json"}
2025-10-01 20:27:09,965 - PatternEngine - DEBUG - logger:debug:78 - Loaded pattern: correlation_finder {"file": "patterns/queries/correlation_finder.json"}
2025-10-01 20:27:09,965 - PatternEngine - DEBUG - logger:debug:78 - Loaded pattern: company_analysis {"file": "patterns/queries/company_analysis.json"}
2025-10-01 20:27:09,965 - PatternEngine - DEBUG - logger:debug:78 - Loaded pattern: stock_price {"file": "patterns/queries/stock_price.json"}
2025-10-01 20:27:09,965 - PatternEngine - DEBUG - logger:debug:78 - Loaded pattern: portfolio_review {"file": "patterns/workflows/portfolio_review.json"}
2025-10-01 20:27:09,965 - PatternEngine - DEBUG - logger:debug:78 - Loaded pattern: morning_briefing {"file": "patterns/workflows/morning_briefing.json"}
2025-10-01 20:27:09,965 - PatternEngine - DEBUG - logger:debug:78 - Loaded pattern: opportunity_scan {"file": "patterns/workflows/opportunity_scan.json"}
2025-10-01 20:27:09,965 - PatternEngine - DEBUG - logger:debug:78 - Loaded pattern: deep_dive {"file": "patterns/workflows/deep_dive.json"}
2025-10-01 20:27:09,965 - PatternEngine - DEBUG - logger:debug:78 - Loaded pattern: add_to_portfolio {"file": "patterns/actions/add_to_portfolio.json"}
2025-10-01 20:27:09,965 - PatternEngine - DEBUG - logger:debug:78 - Loaded pattern: generate_forecast {"file": "patterns/actions/generate_forecast.json"}
2025-10-01 20:27:09,965 - PatternEngine - DEBUG - logger:debug:78 - Loaded pattern: create_alert {"file": "patterns/actions/create_alert.json"}
2025-10-01 20:27:09,965 - PatternEngine - DEBUG - logger:debug:78 - Loaded pattern: export_data {"file": "patterns/actions/export_data.json"}
2025-10-01 20:27:09,965 - PatternEngine - DEBUG - logger:debug:78 - Loaded pattern: add_to_graph {"file": "patterns/actions/add_to_graph.json"}
2025-10-01 20:27:09,966 - PatternEngine - DEBUG - logger:debug:78 - Pattern match: moat_analyzer {"pattern_id": "moat_analyzer", "confidence": 0.2, "matched": true}
2025-10-01 20:27:09,966 - PatternEngine - DEBUG - logger:debug:78 - Pattern match: moat_analyzer {"pattern_id": "moat_analyzer", "confidence": 0.2, "matched": true}
2025-10-01 20:27:09,966 - PatternEngine - DEBUG - logger:debug:78 - Pattern match: moat_analyzer {"pattern_id": "moat_analyzer", "confidence": 0.2, "matched": true}
2025-10-01 20:27:09,966 - PatternEngine - DEBUG - logger:debug:78 - Pattern match: dalio_cycle {"pattern_id": "dalio_cycle", "confidence": 0.2, "matched": true}
2025-10-01 20:27:09,976 - PatternEngine - DEBUG - logger:debug:78 - Pattern match: dalio_cycle {"pattern_id": "dalio_cycle", "confidence": 0.1, "matched": true}
2025-10-01 20:27:09,979 - PatternEngine - DEBUG - logger:debug:78 - Pattern match: dalio_cycle {"pattern_id": "dalio_cycle", "confidence": 0.2, "matched": true}
2025-10-01 20:27:10,903 - PatternEngine - DEBUG - logger:debug:78 - Pattern match: stock_price {"pattern_id": "stock_price", "confidence": 0.2, "matched": true}
2025-10-01 20:27:10,904 - PatternEngine - DEBUG - logger:debug:78 - Pattern match: moat_analyzer {"pattern_id": "moat_analyzer", "confidence": 0.2, "matched": true}
2025-10-01 20:27:10,904 - PatternEngine - DEBUG - logger:debug:78 - Pattern match: dalio_cycle {"pattern_id": "dalio_cycle", "confidence": 0.2, "matched": true}
2025-10-01 20:27:10,904 - PatternEngine - DEBUG - logger:debug:78 - Pattern match: correlation_finder {"pattern_id": "correlation_finder", "confidence": 0.1, "matched": true}
2025-10-01 20:27:10,904 - PatternEngine - DEBUG - logger:debug:78 - Pattern match: market_regime {"pattern_id": "market_regime", "confidence": 0.1, "matched": true}
2025-10-01 20:35:51,716 - PatternEngine - DEBUG - logger:debug:78 - Loaded pattern: schema {"file": "patterns/schema.json"}
2025-10-01 20:35:51,717 - PatternEngine - DEBUG - logger:debug:78 - Loaded pattern: watchlist_update {"file": "patterns/ui/watchlist_update.json"}
2025-10-01 20:35:51,717 - PatternEngine - DEBUG - logger:debug:78 - Loaded pattern: help_guide {"file": "patterns/ui/help_guide.json"}
2025-10-01 20:35:51,717 - PatternEngine - DEBUG - logger:debug:78 - Loaded pattern: dashboard_update {"file": "patterns/ui/dashboard_update.json"}
2025-10-01 20:35:51,717 - PatternEngine - DEBUG - logger:debug:78 - Loaded pattern: sentiment_analysis {"file": "patterns/analysis/sentiment_analysis.json"}
2025-10-01 20:35:51,717 - PatternEngine - DEBUG - logger:debug:78 - Loaded pattern: risk_assessment {"file": "patterns/analysis/risk_assessment.json"}
2025-10-01 20:35:51,717 - PatternEngine - DEBUG - logger:debug:78 - Loaded pattern: portfolio_analysis {"file": "patterns/analysis/portfolio_analysis.json"}
2025-10-01 20:35:51,718 - PatternEngine - DEBUG - logger:debug:78 - Loaded pattern: buffett_checklist {"file": "patterns/analysis/buffett_checklist.json"}
2025-10-01 20:35:51,718 - PatternEngine - DEBUG - logger:debug:78 - Loaded pattern: moat_analyzer {"file": "patterns/analysis/moat_analyzer.json"}
2025-10-01 20:35:51,718 - PatternEngine - DEBUG - logger:debug:78 - Loaded pattern: fundamental_analysis {"file": "patterns/analysis/fundamental_analysis.json"}
2025-10-01 20:35:51,719 - PatternEngine - DEBUG - logger:debug:78 - Loaded pattern: earnings_analysis {"file": "patterns/analysis/earnings_analysis.json"}
2025-10-01 20:35:51,719 - PatternEngine - DEBUG - logger:debug:78 - Loaded pattern: technical_analysis {"file": "patterns/analysis/technical_analysis.json"}
2025-10-01 20:35:51,719 - PatternEngine - DEBUG - logger:debug:78 - Loaded pattern: dalio_cycle {"file": "patterns/analysis/dalio_cycle.json"}
2025-10-01 20:35:51,719 - PatternEngine - DEBUG - logger:debug:78 - Loaded pattern: owner_earnings {"file": "patterns/analysis/owner_earnings.json"}
2025-10-01 20:35:51,719 - PatternEngine - DEBUG - logger:debug:78 - Loaded pattern: sector_performance {"file": "patterns/queries/sector_performance.json"}
2025-10-01 20:35:51,720 - PatternEngine - DEBUG - logger:debug:78 - Loaded pattern: market_regime {"file": "patterns/queries/market_regime.json"}
2025-10-01 20:35:51,720 - PatternEngine - DEBUG - logger:debug:78 - Loaded pattern: macro_analysis {"file": "patterns/queries/macro_analysis.json"}
2025-10-01 20:35:51,720 - PatternEngine - DEBUG - logger:debug:78 - Loaded pattern: correlation_finder {"file": "patterns/queries/correlation_finder.json"}
2025-10-01 20:35:51,721 - PatternEngine - DEBUG - logger:debug:78 - Loaded pattern: company_analysis {"file": "patterns/queries/company_analysis.json"}
2025-10-01 20:35:51,721 - PatternEngine - DEBUG - logger:debug:78 - Loaded pattern: stock_price {"file": "patterns/queries/stock_price.json"}
2025-10-01 20:35:51,721 - PatternEngine - DEBUG - logger:debug:78 - Loaded pattern: portfolio_review {"file": "patterns/workflows/portfolio_review.json"}
2025-10-01 20:35:51,721 - PatternEngine - DEBUG - logger:debug:78 - Loaded pattern: morning_briefing {"file": "patterns/workflows/morning_briefing.json"}
2025-10-01 20:35:51,721 - PatternEngine - DEBUG - logger:debug:78 - Loaded pattern: opportunity_scan {"file": "patterns/workflows/opportunity_scan.json"}
2025-10-01 20:35:51,722 - PatternEngine - DEBUG - logger:debug:78 - Loaded pattern: deep_dive {"file": "patterns/workflows/deep_dive.json"}
2025-10-01 20:35:51,722 - PatternEngine - DEBUG - logger:debug:78 - Loaded pattern: add_to_portfolio {"file": "patterns/actions/add_to_portfolio.json"}
2025-10-01 20:35:51,722 - PatternEngine - DEBUG - logger:debug:78 - Loaded pattern: generate_forecast {"file": "patterns/actions/generate_forecast.json"}
2025-10-01 20:35:51,722 - PatternEngine - DEBUG - logger:debug:78 - Loaded pattern: create_alert {"file": "patterns/actions/create_alert.json"}
2025-10-01 20:35:51,722 - PatternEngine - DEBUG - logger:debug:78 - Loaded pattern: export_data {"file": "patterns/actions/export_data.json"}
2025-10-01 20:35:51,723 - PatternEngine - DEBUG - logger:debug:78 - Loaded pattern: add_to_graph {"file": "patterns/actions/add_to_graph.json"}
2025-10-01 20:40:25,158 - PatternEngine - DEBUG - logger:debug:78 - Pattern match: market_regime {"pattern_id": "market_regime", "confidence": 0.1, "matched": true}
2025-10-01 20:50:51,899 - PatternEngine - DEBUG - logger:debug:78 - Loaded pattern: schema {"file": "patterns/schema.json"}
2025-10-01 20:50:51,899 - PatternEngine - DEBUG - logger:debug:78 - Loaded pattern: watchlist_update {"file": "patterns/ui/watchlist_update.json"}
2025-10-01 20:50:51,899 - PatternEngine - DEBUG - logger:debug:78 - Loaded pattern: help_guide {"file": "patterns/ui/help_guide.json"}
2025-10-01 20:50:51,900 - PatternEngine - DEBUG - logger:debug:78 - Loaded pattern: dashboard_update {"file": "patterns/ui/dashboard_update.json"}
2025-10-01 20:50:51,900 - PatternEngine - DEBUG - logger:debug:78 - Loaded pattern: sentiment_analysis {"file": "patterns/analysis/sentiment_analysis.json"}
2025-10-01 20:50:51,900 - PatternEngine - DEBUG - logger:debug:78 - Loaded pattern: risk_assessment {"file": "patterns/analysis/risk_assessment.json"}
2025-10-01 20:50:51,900 - PatternEngine - DEBUG - logger:debug:78 - Loaded pattern: portfolio_analysis {"file": "patterns/analysis/portfolio_analysis.json"}
2025-10-01 20:50:51,900 - PatternEngine - DEBUG - logger:debug:78 - Loaded pattern: buffett_checklist {"file": "patterns/analysis/buffett_checklist.json"}
2025-10-01 20:50:51,901 - PatternEngine - DEBUG - logger:debug:78 - Loaded pattern: moat_analyzer {"file": "patterns/analysis/moat_analyzer.json"}
2025-10-01 20:50:51,901 - PatternEngine - DEBUG - logger:debug:78 - Loaded pattern: fundamental_analysis {"file": "patterns/analysis/fundamental_analysis.json"}
2025-10-01 20:50:51,901 - PatternEngine - DEBUG - logger:debug:78 - Loaded pattern: earnings_analysis {"file": "patterns/analysis/earnings_analysis.json"}
2025-10-01 20:50:51,901 - PatternEngine - DEBUG - logger:debug:78 - Loaded pattern: technical_analysis {"file": "patterns/analysis/technical_analysis.json"}
2025-10-01 20:50:51,901 - PatternEngine - DEBUG - logger:debug:78 - Loaded pattern: dalio_cycle {"file": "patterns/analysis/dalio_cycle.json"}
2025-10-01 20:50:51,902 - PatternEngine - DEBUG - logger:debug:78 - Loaded pattern: owner_earnings {"file": "patterns/analysis/owner_earnings.json"}
2025-10-01 20:50:51,902 - PatternEngine - DEBUG - logger:debug:78 - Loaded pattern: sector_performance {"file": "patterns/queries/sector_performance.json"}
2025-10-01 20:50:51,902 - PatternEngine - DEBUG - logger:debug:78 - Loaded pattern: market_regime {"file": "patterns/queries/market_regime.json"}
2025-10-01 20:50:51,902 - PatternEngine - DEBUG - logger:debug:78 - Loaded pattern: macro_analysis {"file": "patterns/queries/macro_analysis.json"}
2025-10-01 20:50:51,902 - PatternEngine - DEBUG - logger:debug:78 - Loaded pattern: correlation_finder {"file": "patterns/queries/correlation_finder.json"}
2025-10-01 20:50:51,903 - PatternEngine - DEBUG - logger:debug:78 - Loaded pattern: company_analysis {"file": "patterns/queries/company_analysis.json"}
2025-10-01 20:50:51,903 - PatternEngine - DEBUG - logger:debug:78 - Loaded pattern: stock_price {"file": "patterns/queries/stock_price.json"}
2025-10-01 20:50:51,903 - PatternEngine - DEBUG - logger:debug:78 - Loaded pattern: portfolio_review {"file": "patterns/workflows/portfolio_review.json"}
2025-10-01 20:50:51,903 - PatternEngine - DEBUG - logger:debug:78 - Loaded pattern: morning_briefing {"file": "patterns/workflows/morning_briefing.json"}
2025-10-01 20:50:51,903 - PatternEngine - DEBUG - logger:debug:78 - Loaded pattern: opportunity_scan {"file": "patterns/workflows/opportunity_scan.json"}
2025-10-01 20:50:51,904 - PatternEngine - DEBUG - logger:debug:78 - Loaded pattern: deep_dive {"file": "patterns/workflows/deep_dive.json"}
2025-10-01 20:50:51,904 - PatternEngine - DEBUG - logger:debug:78 - Loaded pattern: add_to_portfolio {"file": "patterns/actions/add_to_portfolio.json"}
2025-10-01 20:50:51,904 - PatternEngine - DEBUG - logger:debug:78 - Loaded pattern: generate_forecast {"file": "patterns/actions/generate_forecast.json"}
2025-10-01 20:50:51,904 - PatternEngine - DEBUG - logger:debug:78 - Loaded pattern: create_alert {"file": "patterns/actions/create_alert.json"}
2025-10-01 20:50:51,904 - PatternEngine - DEBUG - logger:debug:78 - Loaded pattern: export_data {"file": "patterns/actions/export_data.json"}
2025-10-01 20:50:51,905 - PatternEngine - DEBUG - logger:debug:78 - Loaded pattern: add_to_graph {"file": "patterns/actions/add_to_graph.json"}
2025-10-01 20:51:53,878 - PatternEngine - DEBUG - logger:debug:78 - Loaded pattern: schema {"file": "patterns/schema.json"}
2025-10-01 20:51:53,878 - PatternEngine - DEBUG - logger:debug:78 - Loaded pattern: watchlist_update {"file": "patterns/ui/watchlist_update.json"}
2025-10-01 20:51:53,879 - PatternEngine - DEBUG - logger:debug:78 - Loaded pattern: help_guide {"file": "patterns/ui/help_guide.json"}
2025-10-01 20:51:53,879 - PatternEngine - DEBUG - logger:debug:78 - Loaded pattern: dashboard_update {"file": "patterns/ui/dashboard_update.json"}
2025-10-01 20:51:53,879 - PatternEngine - DEBUG - logger:debug:78 - Loaded pattern: sentiment_analysis {"file": "patterns/analysis/sentiment_analysis.json"}
2025-10-01 20:51:53,879 - PatternEngine - DEBUG - logger:debug:78 - Loaded pattern: risk_assessment {"file": "patterns/analysis/risk_assessment.json"}
2025-10-01 20:51:53,879 - PatternEngine - DEBUG - logger:debug:78 - Loaded pattern: portfolio_analysis {"file": "patterns/analysis/portfolio_analysis.json"}
2025-10-01 20:51:53,879 - PatternEngine - DEBUG - logger:debug:78 - Loaded pattern: buffett_checklist {"file": "patterns/analysis/buffett_checklist.json"}
2025-10-01 20:51:53,880 - PatternEngine - DEBUG - logger:debug:78 - Loaded pattern: moat_analyzer {"file": "patterns/analysis/moat_analyzer.json"}
2025-10-01 20:51:53,880 - PatternEngine - DEBUG - logger:debug:78 - Loaded pattern: fundamental_analysis {"file": "patterns/analysis/fundamental_analysis.json"}
2025-10-01 20:51:53,880 - PatternEngine - DEBUG - logger:debug:78 - Loaded pattern: earnings_analysis {"file": "patterns/analysis/earnings_analysis.json"}
2025-10-01 20:51:53,880 - PatternEngine - DEBUG - logger:debug:78 - Loaded pattern: technical_analysis {"file": "patterns/analysis/technical_analysis.json"}
2025-10-01 20:51:53,880 - PatternEngine - DEBUG - logger:debug:78 - Loaded pattern: dalio_cycle {"file": "patterns/analysis/dalio_cycle.json"}
2025-10-01 20:51:53,881 - PatternEngine - DEBUG - logger:debug:78 - Loaded pattern: owner_earnings {"file": "patterns/analysis/owner_earnings.json"}
2025-10-01 20:51:53,881 - PatternEngine - DEBUG - logger:debug:78 - Loaded pattern: sector_performance {"file": "patterns/queries/sector_performance.json"}
2025-10-01 20:51:53,881 - PatternEngine - DEBUG - logger:debug:78 - Loaded pattern: market_regime {"file": "patterns/queries/market_regime.json"}
2025-10-01 20:51:53,881 - PatternEngine - DEBUG - logger:debug:78 - Loaded pattern: macro_analysis {"file": "patterns/queries/macro_analysis.json"}
2025-10-01 20:51:53,881 - PatternEngine - DEBUG - logger:debug:78 - Loaded pattern: correlation_finder {"file": "patterns/queries/correlation_finder.json"}
2025-10-01 20:51:53,882 - PatternEngine - DEBUG - logger:debug:78 - Loaded pattern: company_analysis {"file": "patterns/queries/company_analysis.json"}
2025-10-01 20:51:53,882 - PatternEngine - DEBUG - logger:debug:78 - Loaded pattern: stock_price {"file": "patterns/queries/stock_price.json"}
2025-10-01 20:51:53,882 - PatternEngine - DEBUG - logger:debug:78 - Loaded pattern: portfolio_review {"file": "patterns/workflows/portfolio_review.json"}
2025-10-01 20:51:53,882 - PatternEngine - DEBUG - logger:debug:78 - Loaded pattern: morning_briefing {"file": "patterns/workflows/morning_briefing.json"}
2025-10-01 20:51:53,882 - PatternEngine - DEBUG - logger:debug:78 - Loaded pattern: opportunity_scan {"file": "patterns/workflows/opportunity_scan.json"}
2025-10-01 20:51:53,883 - PatternEngine - DEBUG - logger:debug:78 - Loaded pattern: deep_dive {"file": "patterns/workflows/deep_dive.json"}
2025-10-01 20:51:53,883 - PatternEngine - DEBUG - logger:debug:78 - Loaded pattern: add_to_portfolio {"file": "patterns/actions/add_to_portfolio.json"}
2025-10-01 20:51:53,883 - PatternEngine - DEBUG - logger:debug:78 - Loaded pattern: generate_forecast {"file": "patterns/actions/generate_forecast.json"}
2025-10-01 20:51:53,883 - PatternEngine - DEBUG - logger:debug:78 - Loaded pattern: create_alert {"file": "patterns/actions/create_alert.json"}
2025-10-01 20:51:53,884 - PatternEngine - DEBUG - logger:debug:78 - Loaded pattern: export_data {"file": "patterns/actions/export_data.json"}
2025-10-01 20:51:53,884 - PatternEngine - DEBUG - logger:debug:78 - Loaded pattern: add_to_graph {"file": "patterns/actions/add_to_graph.json"}
2025-10-01 20:51:53,931 - PatternEngine - DEBUG - logger:debug:78 - Pattern match: moat_analyzer {"pattern_id": "moat_analyzer", "confidence": 0.2, "matched": true}
2025-10-01 21:00:28,145 - PatternEngine - DEBUG - logger:debug:78 - Pattern match: market_regime {"pattern_id": "market_regime", "confidence": 0.1, "matched": true}
2025-10-01 21:00:31,925 - PatternEngine - DEBUG - logger:debug:78 - Pattern match: correlation_finder {"pattern_id": "correlation_finder", "confidence": 0.1, "matched": true}
2025-10-01 21:02:03,212 - PatternEngine - DEBUG - logger:debug:78 - Loaded pattern: sector_rotation {"file": "patterns/sector_rotation.json"}
2025-10-01 21:02:03,212 - PatternEngine - DEBUG - logger:debug:78 - Loaded pattern: comprehensive_analysis {"file": "patterns/comprehensive_analysis.json"}
2025-10-01 21:02:03,212 - PatternEngine - DEBUG - logger:debug:78 - Loaded pattern: risk_assessment {"file": "patterns/risk_assessment.json"}
2025-10-01 21:02:03,212 - PatternEngine - DEBUG - logger:debug:78 - Loaded pattern: schema {"file": "patterns/schema.json"}
2025-10-01 21:02:03,213 - PatternEngine - DEBUG - logger:debug:78 - Loaded pattern: watchlist_update {"file": "patterns/ui/watchlist_update.json"}
2025-10-01 21:02:03,213 - PatternEngine - DEBUG - logger:debug:78 - Loaded pattern: help_guide {"file": "patterns/ui/help_guide.json"}
2025-10-01 21:02:03,213 - PatternEngine - DEBUG - logger:debug:78 - Loaded pattern: dashboard_update {"file": "patterns/ui/dashboard_update.json"}
2025-10-01 21:02:03,213 - PatternEngine - DEBUG - logger:debug:78 - Loaded pattern: sentiment_analysis {"file": "patterns/analysis/sentiment_analysis.json"}
2025-10-01 21:02:03,214 - PatternEngine - DEBUG - logger:debug:78 - Loaded pattern: risk_assessment {"file": "patterns/analysis/risk_assessment.json"}
2025-10-01 21:02:03,214 - PatternEngine - DEBUG - logger:debug:78 - Loaded pattern: portfolio_analysis {"file": "patterns/analysis/portfolio_analysis.json"}
2025-10-01 21:02:03,214 - PatternEngine - DEBUG - logger:debug:78 - Loaded pattern: buffett_checklist {"file": "patterns/analysis/buffett_checklist.json"}
2025-10-01 21:02:03,214 - PatternEngine - DEBUG - logger:debug:78 - Loaded pattern: moat_analyzer {"file": "patterns/analysis/moat_analyzer.json"}
2025-10-01 21:02:03,215 - PatternEngine - DEBUG - logger:debug:78 - Loaded pattern: fundamental_analysis {"file": "patterns/analysis/fundamental_analysis.json"}
2025-10-01 21:02:03,215 - PatternEngine - DEBUG - logger:debug:78 - Loaded pattern: earnings_analysis {"file": "patterns/analysis/earnings_analysis.json"}
2025-10-01 21:02:03,215 - PatternEngine - DEBUG - logger:debug:78 - Loaded pattern: technical_analysis {"file": "patterns/analysis/technical_analysis.json"}
2025-10-01 21:02:03,215 - PatternEngine - DEBUG - logger:debug:78 - Loaded pattern: dalio_cycle {"file": "patterns/analysis/dalio_cycle.json"}
2025-10-01 21:02:03,216 - PatternEngine - DEBUG - logger:debug:78 - Loaded pattern: owner_earnings {"file": "patterns/analysis/owner_earnings.json"}
2025-10-01 21:02:03,216 - PatternEngine - DEBUG - logger:debug:78 - Loaded pattern: sector_performance {"file": "patterns/queries/sector_performance.json"}
2025-10-01 21:02:03,216 - PatternEngine - DEBUG - logger:debug:78 - Loaded pattern: market_regime {"file": "patterns/queries/market_regime.json"}
2025-10-01 21:02:03,216 - PatternEngine - DEBUG - logger:debug:78 - Loaded pattern: macro_analysis {"file": "patterns/queries/macro_analysis.json"}
2025-10-01 21:02:03,217 - PatternEngine - DEBUG - logger:debug:78 - Loaded pattern: correlation_finder {"file": "patterns/queries/correlation_finder.json"}
2025-10-01 21:02:03,217 - PatternEngine - DEBUG - logger:debug:78 - Loaded pattern: company_analysis {"file": "patterns/queries/company_analysis.json"}
2025-10-01 21:02:03,217 - PatternEngine - DEBUG - logger:debug:78 - Loaded pattern: stock_price {"file": "patterns/queries/stock_price.json"}
2025-10-01 21:02:03,217 - PatternEngine - DEBUG - logger:debug:78 - Loaded pattern: portfolio_review {"file": "patterns/workflows/portfolio_review.json"}
2025-10-01 21:02:03,217 - PatternEngine - DEBUG - logger:debug:78 - Loaded pattern: morning_briefing {"file": "patterns/workflows/morning_briefing.json"}
2025-10-01 21:02:03,218 - PatternEngine - DEBUG - logger:debug:78 - Loaded pattern: opportunity_scan {"file": "patterns/workflows/opportunity_scan.json"}
2025-10-01 21:02:03,218 - PatternEngine - DEBUG - logger:debug:78 - Loaded pattern: deep_dive {"file": "patterns/workflows/deep_dive.json"}
2025-10-01 21:02:03,219 - PatternEngine - DEBUG - logger:debug:78 - Loaded pattern: add_to_portfolio {"file": "patterns/actions/add_to_portfolio.json"}
2025-10-01 21:02:03,219 - PatternEngine - DEBUG - logger:debug:78 - Loaded pattern: generate_forecast {"file": "patterns/actions/generate_forecast.json"}
2025-10-01 21:02:03,219 - PatternEngine - DEBUG - logger:debug:78 - Loaded pattern: create_alert {"file": "patterns/actions/create_alert.json"}
2025-10-01 21:02:03,219 - PatternEngine - DEBUG - logger:debug:78 - Loaded pattern: export_data {"file": "patterns/actions/export_data.json"}
2025-10-01 21:02:03,219 - PatternEngine - DEBUG - logger:debug:78 - Loaded pattern: add_to_graph {"file": "patterns/actions/add_to_graph.json"}
2025-10-01 21:21:44,106 - PatternEngine - DEBUG - logger:debug:78 - Loaded pattern: sector_rotation {"file": "patterns/sector_rotation.json"}
2025-10-01 21:21:44,106 - PatternEngine - DEBUG - logger:debug:78 - Loaded pattern: comprehensive_analysis {"file": "patterns/comprehensive_analysis.json"}
2025-10-01 21:21:44,106 - PatternEngine - DEBUG - logger:debug:78 - Loaded pattern: risk_assessment {"file": "patterns/risk_assessment.json"}
2025-10-01 21:21:44,106 - PatternEngine - DEBUG - logger:debug:78 - Loaded pattern: schema {"file": "patterns/schema.json"}
2025-10-01 21:21:44,107 - PatternEngine - DEBUG - logger:debug:78 - Loaded pattern: watchlist_update {"file": "patterns/ui/watchlist_update.json"}
2025-10-01 21:21:44,107 - PatternEngine - DEBUG - logger:debug:78 - Loaded pattern: help_guide {"file": "patterns/ui/help_guide.json"}
2025-10-01 21:21:44,107 - PatternEngine - DEBUG - logger:debug:78 - Loaded pattern: dashboard_update {"file": "patterns/ui/dashboard_update.json"}
2025-10-01 21:21:44,107 - PatternEngine - DEBUG - logger:debug:78 - Loaded pattern: sentiment_analysis {"file": "patterns/analysis/sentiment_analysis.json"}
2025-10-01 21:21:44,107 - PatternEngine - DEBUG - logger:debug:78 - Loaded pattern: risk_assessment {"file": "patterns/analysis/risk_assessment.json"}
2025-10-01 21:21:44,107 - PatternEngine - DEBUG - logger:debug:78 - Loaded pattern: portfolio_analysis {"file": "patterns/analysis/portfolio_analysis.json"}
2025-10-01 21:21:44,108 - PatternEngine - DEBUG - logger:debug:78 - Loaded pattern: buffett_checklist {"file": "patterns/analysis/buffett_checklist.json"}
2025-10-01 21:21:44,108 - PatternEngine - DEBUG - logger:debug:78 - Loaded pattern: moat_analyzer {"file": "patterns/analysis/moat_analyzer.json"}
2025-10-01 21:21:44,108 - PatternEngine - DEBUG - logger:debug:78 - Loaded pattern: fundamental_analysis {"file": "patterns/analysis/fundamental_analysis.json"}
2025-10-01 21:21:44,108 - PatternEngine - DEBUG - logger:debug:78 - Loaded pattern: earnings_analysis {"file": "patterns/analysis/earnings_analysis.json"}
2025-10-01 21:21:44,108 - PatternEngine - DEBUG - logger:debug:78 - Loaded pattern: technical_analysis {"file": "patterns/analysis/technical_analysis.json"}
2025-10-01 21:21:44,109 - PatternEngine - DEBUG - logger:debug:78 - Loaded pattern: dalio_cycle {"file": "patterns/analysis/dalio_cycle.json"}
2025-10-01 21:21:44,109 - PatternEngine - DEBUG - logger:debug:78 - Loaded pattern: owner_earnings {"file": "patterns/analysis/owner_earnings.json"}
2025-10-01 21:21:44,109 - PatternEngine - DEBUG - logger:debug:78 - Loaded pattern: sector_performance {"file": "patterns/queries/sector_performance.json"}
2025-10-01 21:21:44,109 - PatternEngine - DEBUG - logger:debug:78 - Loaded pattern: market_regime {"file": "patterns/queries/market_regime.json"}
2025-10-01 21:21:44,109 - PatternEngine - DEBUG - logger:debug:78 - Loaded pattern: macro_analysis {"file": "patterns/queries/macro_analysis.json"}
2025-10-01 21:21:44,109 - PatternEngine - DEBUG - logger:debug:78 - Loaded pattern: correlation_finder {"file": "patterns/queries/correlation_finder.json"}
2025-10-01 21:21:44,109 - PatternEngine - DEBUG - logger:debug:78 - Loaded pattern: company_analysis {"file": "patterns/queries/company_analysis.json"}
2025-10-01 21:21:44,110 - PatternEngine - DEBUG - logger:debug:78 - Loaded pattern: stock_price {"file": "patterns/queries/stock_price.json"}
2025-10-01 21:21:44,110 - PatternEngine - DEBUG - logger:debug:78 - Loaded pattern: portfolio_review {"file": "patterns/workflows/portfolio_review.json"}
2025-10-01 21:21:44,110 - PatternEngine - DEBUG - logger:debug:78 - Loaded pattern: morning_briefing {"file": "patterns/workflows/morning_briefing.json"}
2025-10-01 21:21:44,110 - PatternEngine - DEBUG - logger:debug:78 - Loaded pattern: opportunity_scan {"file": "patterns/workflows/opportunity_scan.json"}
2025-10-01 21:21:44,110 - PatternEngine - DEBUG - logger:debug:78 - Loaded pattern: deep_dive {"file": "patterns/workflows/deep_dive.json"}
2025-10-01 21:21:44,110 - PatternEngine - DEBUG - logger:debug:78 - Loaded pattern: add_to_portfolio {"file": "patterns/actions/add_to_portfolio.json"}
2025-10-01 21:21:44,110 - PatternEngine - DEBUG - logger:debug:78 - Loaded pattern: generate_forecast {"file": "patterns/actions/generate_forecast.json"}
2025-10-01 21:21:44,111 - PatternEngine - DEBUG - logger:debug:78 - Loaded pattern: create_alert {"file": "patterns/actions/create_alert.json"}
2025-10-01 21:21:44,111 - PatternEngine - DEBUG - logger:debug:78 - Loaded pattern: export_data {"file": "patterns/actions/export_data.json"}
2025-10-01 21:21:44,111 - PatternEngine - DEBUG - logger:debug:78 - Loaded pattern: add_to_graph {"file": "patterns/actions/add_to_graph.json"}
2025-10-01 21:23:29,928 - PatternEngine - DEBUG - logger:debug:78 - Loaded pattern: sector_rotation {"file": "patterns/sector_rotation.json"}
2025-10-01 21:23:29,929 - PatternEngine - DEBUG - logger:debug:78 - Loaded pattern: comprehensive_analysis {"file": "patterns/comprehensive_analysis.json"}
2025-10-01 21:23:29,929 - PatternEngine - DEBUG - logger:debug:78 - Loaded pattern: risk_assessment {"file": "patterns/risk_assessment.json"}
2025-10-01 21:23:29,929 - PatternEngine - DEBUG - logger:debug:78 - Loaded pattern: schema {"file": "patterns/schema.json"}
2025-10-01 21:23:29,930 - PatternEngine - DEBUG - logger:debug:78 - Loaded pattern: watchlist_update {"file": "patterns/ui/watchlist_update.json"}
2025-10-01 21:23:29,931 - PatternEngine - DEBUG - logger:debug:78 - Loaded pattern: help_guide {"file": "patterns/ui/help_guide.json"}
2025-10-01 21:23:29,931 - PatternEngine - DEBUG - logger:debug:78 - Loaded pattern: dashboard_update {"file": "patterns/ui/dashboard_update.json"}
2025-10-01 21:23:29,931 - PatternEngine - DEBUG - logger:debug:78 - Loaded pattern: sentiment_analysis {"file": "patterns/analysis/sentiment_analysis.json"}
2025-10-01 21:23:29,932 - PatternEngine - DEBUG - logger:debug:78 - Loaded pattern: risk_assessment {"file": "patterns/analysis/risk_assessment.json"}
2025-10-01 21:23:29,932 - PatternEngine - DEBUG - logger:debug:78 - Loaded pattern: portfolio_analysis {"file": "patterns/analysis/portfolio_analysis.json"}
2025-10-01 21:23:29,933 - PatternEngine - DEBUG - logger:debug:78 - Loaded pattern: buffett_checklist {"file": "patterns/analysis/buffett_checklist.json"}
2025-10-01 21:23:29,933 - PatternEngine - DEBUG - logger:debug:78 - Loaded pattern: moat_analyzer {"file": "patterns/analysis/moat_analyzer.json"}
2025-10-01 21:23:29,934 - PatternEngine - DEBUG - logger:debug:78 - Loaded pattern: fundamental_analysis {"file": "patterns/analysis/fundamental_analysis.json"}
2025-10-01 21:23:29,934 - PatternEngine - DEBUG - logger:debug:78 - Loaded pattern: earnings_analysis {"file": "patterns/analysis/earnings_analysis.json"}
2025-10-01 21:23:29,934 - PatternEngine - DEBUG - logger:debug:78 - Loaded pattern: technical_analysis {"file": "patterns/analysis/technical_analysis.json"}
2025-10-01 21:23:29,934 - PatternEngine - DEBUG - logger:debug:78 - Loaded pattern: dalio_cycle {"file": "patterns/analysis/dalio_cycle.json"}
2025-10-01 21:23:29,935 - PatternEngine - DEBUG - logger:debug:78 - Loaded pattern: owner_earnings {"file": "patterns/analysis/owner_earnings.json"}
2025-10-01 21:23:29,935 - PatternEngine - DEBUG - logger:debug:78 - Loaded pattern: sector_performance {"file": "patterns/queries/sector_performance.json"}
2025-10-01 21:23:29,935 - PatternEngine - DEBUG - logger:debug:78 - Loaded pattern: market_regime {"file": "patterns/queries/market_regime.json"}
2025-10-01 21:23:29,935 - PatternEngine - DEBUG - logger:debug:78 - Loaded pattern: macro_analysis {"file": "patterns/queries/macro_analysis.json"}
2025-10-01 21:23:29,936 - PatternEngine - DEBUG - logger:debug:78 - Loaded pattern: correlation_finder {"file": "patterns/queries/correlation_finder.json"}
2025-10-01 21:23:29,936 - PatternEngine - DEBUG - logger:debug:78 - Loaded pattern: company_analysis {"file": "patterns/queries/company_analysis.json"}
2025-10-01 21:23:29,936 - PatternEngine - DEBUG - logger:debug:78 - Loaded pattern: stock_price {"file": "patterns/queries/stock_price.json"}
2025-10-01 21:23:29,937 - PatternEngine - DEBUG - logger:debug:78 - Loaded pattern: portfolio_review {"file": "patterns/workflows/portfolio_review.json"}
2025-10-01 21:23:29,937 - PatternEngine - DEBUG - logger:debug:78 - Loaded pattern: morning_briefing {"file": "patterns/workflows/morning_briefing.json"}
2025-10-01 21:23:29,937 - PatternEngine - DEBUG - logger:debug:78 - Loaded pattern: opportunity_scan {"file": "patterns/workflows/opportunity_scan.json"}
2025-10-01 21:23:29,938 - PatternEngine - DEBUG - logger:debug:78 - Loaded pattern: deep_dive {"file": "patterns/workflows/deep_dive.json"}
2025-10-01 21:23:29,938 - PatternEngine - DEBUG - logger:debug:78 - Loaded pattern: add_to_portfolio {"file": "patterns/actions/add_to_portfolio.json"}
2025-10-01 21:23:29,939 - PatternEngine - DEBUG - logger:debug:78 - Loaded pattern: generate_forecast {"file": "patterns/actions/generate_forecast.json"}
2025-10-01 21:23:29,939 - PatternEngine - DEBUG - logger:debug:78 - Loaded pattern: create_alert {"file": "patterns/actions/create_alert.json"}
2025-10-01 21:23:29,940 - PatternEngine - DEBUG - logger:debug:78 - Loaded pattern: export_data {"file": "patterns/actions/export_data.json"}
2025-10-01 21:23:29,940 - PatternEngine - DEBUG - logger:debug:78 - Loaded pattern: add_to_graph {"file": "patterns/actions/add_to_graph.json"}
2025-10-01 21:24:28,285 - PatternEngine - DEBUG - logger:debug:78 - Pattern match: moat_analyzer {"pattern_id": "moat_analyzer", "confidence": 0.2, "matched": true}
2025-10-01 21:32:46,097 - PatternEngine - DEBUG - logger:debug:78 - Loaded pattern: sector_rotation {"file": "patterns/sector_rotation.json"}
2025-10-01 21:32:46,097 - PatternEngine - DEBUG - logger:debug:78 - Loaded pattern: comprehensive_analysis {"file": "patterns/comprehensive_analysis.json"}
2025-10-01 21:32:46,097 - PatternEngine - DEBUG - logger:debug:78 - Loaded pattern: risk_assessment {"file": "patterns/risk_assessment.json"}
2025-10-01 21:32:46,097 - PatternEngine - DEBUG - logger:debug:78 - Loaded pattern: schema {"file": "patterns/schema.json"}
2025-10-01 21:32:46,098 - PatternEngine - DEBUG - logger:debug:78 - Loaded pattern: watchlist_update {"file": "patterns/ui/watchlist_update.json"}
2025-10-01 21:32:46,098 - PatternEngine - DEBUG - logger:debug:78 - Loaded pattern: help_guide {"file": "patterns/ui/help_guide.json"}
2025-10-01 21:32:46,098 - PatternEngine - DEBUG - logger:debug:78 - Loaded pattern: dashboard_update {"file": "patterns/ui/dashboard_update.json"}
2025-10-01 21:32:46,098 - PatternEngine - DEBUG - logger:debug:78 - Loaded pattern: sentiment_analysis {"file": "patterns/analysis/sentiment_analysis.json"}
2025-10-01 21:32:46,098 - PatternEngine - DEBUG - logger:debug:78 - Loaded pattern: risk_assessment {"file": "patterns/analysis/risk_assessment.json"}
2025-10-01 21:32:46,098 - PatternEngine - DEBUG - logger:debug:78 - Loaded pattern: portfolio_analysis {"file": "patterns/analysis/portfolio_analysis.json"}
2025-10-01 21:32:46,099 - PatternEngine - DEBUG - logger:debug:78 - Loaded pattern: buffett_checklist {"file": "patterns/analysis/buffett_checklist.json"}
2025-10-01 21:32:46,099 - PatternEngine - DEBUG - logger:debug:78 - Loaded pattern: moat_analyzer {"file": "patterns/analysis/moat_analyzer.json"}
2025-10-01 21:32:46,099 - PatternEngine - DEBUG - logger:debug:78 - Loaded pattern: fundamental_analysis {"file": "patterns/analysis/fundamental_analysis.json"}
2025-10-01 21:32:46,099 - PatternEngine - DEBUG - logger:debug:78 - Loaded pattern: earnings_analysis {"file": "patterns/analysis/earnings_analysis.json"}
2025-10-01 21:32:46,099 - PatternEngine - DEBUG - logger:debug:78 - Loaded pattern: technical_analysis {"file": "patterns/analysis/technical_analysis.json"}
2025-10-01 21:32:46,100 - PatternEngine - DEBUG - logger:debug:78 - Loaded pattern: dalio_cycle {"file": "patterns/analysis/dalio_cycle.json"}
2025-10-01 21:32:46,100 - PatternEngine - DEBUG - logger:debug:78 - Loaded pattern: owner_earnings {"file": "patterns/analysis/owner_earnings.json"}
2025-10-01 21:32:46,100 - PatternEngine - DEBUG - logger:debug:78 - Loaded pattern: sector_performance {"file": "patterns/queries/sector_performance.json"}
2025-10-01 21:32:46,100 - PatternEngine - DEBUG - logger:debug:78 - Loaded pattern: market_regime {"file": "patterns/queries/market_regime.json"}
2025-10-01 21:32:46,100 - PatternEngine - DEBUG - logger:debug:78 - Loaded pattern: macro_analysis {"file": "patterns/queries/macro_analysis.json"}
2025-10-01 21:32:46,100 - PatternEngine - DEBUG - logger:debug:78 - Loaded pattern: correlation_finder {"file": "patterns/queries/correlation_finder.json"}
2025-10-01 21:32:46,100 - PatternEngine - DEBUG - logger:debug:78 - Loaded pattern: company_analysis {"file": "patterns/queries/company_analysis.json"}
2025-10-01 21:32:46,101 - PatternEngine - DEBUG - logger:debug:78 - Loaded pattern: stock_price {"file": "patterns/queries/stock_price.json"}
2025-10-01 21:32:46,101 - PatternEngine - DEBUG - logger:debug:78 - Loaded pattern: portfolio_review {"file": "patterns/workflows/portfolio_review.json"}
2025-10-01 21:32:46,101 - PatternEngine - DEBUG - logger:debug:78 - Loaded pattern: morning_briefing {"file": "patterns/workflows/morning_briefing.json"}
2025-10-01 21:32:46,101 - PatternEngine - DEBUG - logger:debug:78 - Loaded pattern: opportunity_scan {"file": "patterns/workflows/opportunity_scan.json"}
2025-10-01 21:32:46,101 - PatternEngine - DEBUG - logger:debug:78 - Loaded pattern: deep_dive {"file": "patterns/workflows/deep_dive.json"}
2025-10-01 21:32:46,101 - PatternEngine - DEBUG - logger:debug:78 - Loaded pattern: add_to_portfolio {"file": "patterns/actions/add_to_portfolio.json"}
2025-10-01 21:32:46,101 - PatternEngine - DEBUG - logger:debug:78 - Loaded pattern: generate_forecast {"file": "patterns/actions/generate_forecast.json"}
2025-10-01 21:32:46,101 - PatternEngine - DEBUG - logger:debug:78 - Loaded pattern: create_alert {"file": "patterns/actions/create_alert.json"}
2025-10-01 21:32:46,102 - PatternEngine - DEBUG - logger:debug:78 - Loaded pattern: export_data {"file": "patterns/actions/export_data.json"}
2025-10-01 21:32:46,102 - PatternEngine - DEBUG - logger:debug:78 - Loaded pattern: add_to_graph {"file": "patterns/actions/add_to_graph.json"}
2025-10-01 21:33:07,510 - PatternEngine - DEBUG - logger:debug:78 - Loaded pattern: sector_rotation {"file": "patterns/sector_rotation.json"}
2025-10-01 21:33:07,510 - PatternEngine - DEBUG - logger:debug:78 - Loaded pattern: comprehensive_analysis {"file": "patterns/comprehensive_analysis.json"}
2025-10-01 21:33:07,511 - PatternEngine - DEBUG - logger:debug:78 - Loaded pattern: risk_assessment {"file": "patterns/risk_assessment.json"}
2025-10-01 21:33:07,511 - PatternEngine - DEBUG - logger:debug:78 - Loaded pattern: schema {"file": "patterns/schema.json"}
2025-10-01 21:33:07,511 - PatternEngine - DEBUG - logger:debug:78 - Loaded pattern: watchlist_update {"file": "patterns/ui/watchlist_update.json"}
2025-10-01 21:33:07,511 - PatternEngine - DEBUG - logger:debug:78 - Loaded pattern: help_guide {"file": "patterns/ui/help_guide.json"}
2025-10-01 21:33:07,511 - PatternEngine - DEBUG - logger:debug:78 - Loaded pattern: dashboard_update {"file": "patterns/ui/dashboard_update.json"}
2025-10-01 21:33:07,511 - PatternEngine - DEBUG - logger:debug:78 - Loaded pattern: sentiment_analysis {"file": "patterns/analysis/sentiment_analysis.json"}
2025-10-01 21:33:07,511 - PatternEngine - DEBUG - logger:debug:78 - Loaded pattern: risk_assessment {"file": "patterns/analysis/risk_assessment.json"}
2025-10-01 21:33:07,511 - PatternEngine - DEBUG - logger:debug:78 - Loaded pattern: portfolio_analysis {"file": "patterns/analysis/portfolio_analysis.json"}
2025-10-01 21:33:07,512 - PatternEngine - DEBUG - logger:debug:78 - Loaded pattern: buffett_checklist {"file": "patterns/analysis/buffett_checklist.json"}
2025-10-01 21:33:07,512 - PatternEngine - DEBUG - logger:debug:78 - Loaded pattern: moat_analyzer {"file": "patterns/analysis/moat_analyzer.json"}
2025-10-01 21:33:07,512 - PatternEngine - DEBUG - logger:debug:78 - Loaded pattern: fundamental_analysis {"file": "patterns/analysis/fundamental_analysis.json"}
2025-10-01 21:33:07,512 - PatternEngine - DEBUG - logger:debug:78 - Loaded pattern: earnings_analysis {"file": "patterns/analysis/earnings_analysis.json"}
2025-10-01 21:33:07,512 - PatternEngine - DEBUG - logger:debug:78 - Loaded pattern: technical_analysis {"file": "patterns/analysis/technical_analysis.json"}
2025-10-01 21:33:07,512 - PatternEngine - DEBUG - logger:debug:78 - Loaded pattern: dalio_cycle {"file": "patterns/analysis/dalio_cycle.json"}
2025-10-01 21:33:07,512 - PatternEngine - DEBUG - logger:debug:78 - Loaded pattern: owner_earnings {"file": "patterns/analysis/owner_earnings.json"}
2025-10-01 21:33:07,513 - PatternEngine - DEBUG - logger:debug:78 - Loaded pattern: sector_performance {"file": "patterns/queries/sector_performance.json"}
2025-10-01 21:33:07,513 - PatternEngine - DEBUG - logger:debug:78 - Loaded pattern: market_regime {"file": "patterns/queries/market_regime.json"}
2025-10-01 21:33:07,513 - PatternEngine - DEBUG - logger:debug:78 - Loaded pattern: macro_analysis {"file": "patterns/queries/macro_analysis.json"}
2025-10-01 21:33:07,513 - PatternEngine - DEBUG - logger:debug:78 - Loaded pattern: correlation_finder {"file": "patterns/queries/correlation_finder.json"}
2025-10-01 21:33:07,513 - PatternEngine - DEBUG - logger:debug:78 - Loaded pattern: company_analysis {"file": "patterns/queries/company_analysis.json"}
2025-10-01 21:33:07,513 - PatternEngine - DEBUG - logger:debug:78 - Loaded pattern: stock_price {"file": "patterns/queries/stock_price.json"}
2025-10-01 21:33:07,513 - PatternEngine - DEBUG - logger:debug:78 - Loaded pattern: portfolio_review {"file": "patterns/workflows/portfolio_review.json"}
2025-10-01 21:33:07,514 - PatternEngine - DEBUG - logger:debug:78 - Loaded pattern: morning_briefing {"file": "patterns/workflows/morning_briefing.json"}
2025-10-01 21:33:07,514 - PatternEngine - DEBUG - logger:debug:78 - Loaded pattern: opportunity_scan {"file": "patterns/workflows/opportunity_scan.json"}
2025-10-01 21:33:07,514 - PatternEngine - DEBUG - logger:debug:78 - Loaded pattern: deep_dive {"file": "patterns/workflows/deep_dive.json"}
2025-10-01 21:33:07,515 - PatternEngine - DEBUG - logger:debug:78 - Loaded pattern: add_to_portfolio {"file": "patterns/actions/add_to_portfolio.json"}
2025-10-01 21:33:07,515 - PatternEngine - DEBUG - logger:debug:78 - Loaded pattern: generate_forecast {"file": "patterns/actions/generate_forecast.json"}
2025-10-01 21:33:07,515 - PatternEngine - DEBUG - logger:debug:78 - Loaded pattern: create_alert {"file": "patterns/actions/create_alert.json"}
2025-10-01 21:33:07,515 - PatternEngine - DEBUG - logger:debug:78 - Loaded pattern: export_data {"file": "patterns/actions/export_data.json"}
2025-10-01 21:33:07,515 - PatternEngine - DEBUG - logger:debug:78 - Loaded pattern: add_to_graph {"file": "patterns/actions/add_to_graph.json"}
2025-10-01 21:35:06,866 - PatternEngine - DEBUG - logger:debug:78 - Loaded pattern: sector_rotation {"file": "patterns/sector_rotation.json"}
2025-10-01 21:35:06,867 - PatternEngine - DEBUG - logger:debug:78 - Loaded pattern: comprehensive_analysis {"file": "patterns/comprehensive_analysis.json"}
2025-10-01 21:35:06,867 - PatternEngine - DEBUG - logger:debug:78 - Loaded pattern: risk_assessment {"file": "patterns/risk_assessment.json"}
2025-10-01 21:35:06,867 - PatternEngine - DEBUG - logger:debug:78 - Loaded pattern: schema {"file": "patterns/schema.json"}
2025-10-01 21:35:06,868 - PatternEngine - DEBUG - logger:debug:78 - Loaded pattern: watchlist_update {"file": "patterns/ui/watchlist_update.json"}
2025-10-01 21:35:06,868 - PatternEngine - DEBUG - logger:debug:78 - Loaded pattern: help_guide {"file": "patterns/ui/help_guide.json"}
2025-10-01 21:35:06,868 - PatternEngine - DEBUG - logger:debug:78 - Loaded pattern: dashboard_update {"file": "patterns/ui/dashboard_update.json"}
2025-10-01 21:35:06,868 - PatternEngine - DEBUG - logger:debug:78 - Loaded pattern: sentiment_analysis {"file": "patterns/analysis/sentiment_analysis.json"}
2025-10-01 21:35:06,868 - PatternEngine - DEBUG - logger:debug:78 - Loaded pattern: risk_assessment {"file": "patterns/analysis/risk_assessment.json"}
2025-10-01 21:35:06,869 - PatternEngine - DEBUG - logger:debug:78 - Loaded pattern: portfolio_analysis {"file": "patterns/analysis/portfolio_analysis.json"}
2025-10-01 21:35:06,869 - PatternEngine - DEBUG - logger:debug:78 - Loaded pattern: buffett_checklist {"file": "patterns/analysis/buffett_checklist.json"}
2025-10-01 21:35:06,869 - PatternEngine - DEBUG - logger:debug:78 - Loaded pattern: moat_analyzer {"file": "patterns/analysis/moat_analyzer.json"}
2025-10-01 21:35:06,869 - PatternEngine - DEBUG - logger:debug:78 - Loaded pattern: fundamental_analysis {"file": "patterns/analysis/fundamental_analysis.json"}
2025-10-01 21:35:06,870 - PatternEngine - DEBUG - logger:debug:78 - Loaded pattern: earnings_analysis {"file": "patterns/analysis/earnings_analysis.json"}
2025-10-01 21:35:06,870 - PatternEngine - DEBUG - logger:debug:78 - Loaded pattern: technical_analysis {"file": "patterns/analysis/technical_analysis.json"}
2025-10-01 21:35:06,870 - PatternEngine - DEBUG - logger:debug:78 - Loaded pattern: dalio_cycle {"file": "patterns/analysis/dalio_cycle.json"}
2025-10-01 21:35:06,870 - PatternEngine - DEBUG - logger:debug:78 - Loaded pattern: owner_earnings {"file": "patterns/analysis/owner_earnings.json"}
2025-10-01 21:35:06,870 - PatternEngine - DEBUG - logger:debug:78 - Loaded pattern: sector_performance {"file": "patterns/queries/sector_performance.json"}
2025-10-01 21:35:06,871 - PatternEngine - DEBUG - logger:debug:78 - Loaded pattern: market_regime {"file": "patterns/queries/market_regime.json"}
2025-10-01 21:35:06,871 - PatternEngine - DEBUG - logger:debug:78 - Loaded pattern: macro_analysis {"file": "patterns/queries/macro_analysis.json"}
2025-10-01 21:35:06,871 - PatternEngine - DEBUG - logger:debug:78 - Loaded pattern: correlation_finder {"file": "patterns/queries/correlation_finder.json"}
2025-10-01 21:35:06,871 - PatternEngine - DEBUG - logger:debug:78 - Loaded pattern: company_analysis {"file": "patterns/queries/company_analysis.json"}
2025-10-01 21:35:06,872 - PatternEngine - DEBUG - logger:debug:78 - Loaded pattern: stock_price {"file": "patterns/queries/stock_price.json"}
2025-10-01 21:35:06,872 - PatternEngine - DEBUG - logger:debug:78 - Loaded pattern: portfolio_review {"file": "patterns/workflows/portfolio_review.json"}
2025-10-01 21:35:06,872 - PatternEngine - DEBUG - logger:debug:78 - Loaded pattern: morning_briefing {"file": "patterns/workflows/morning_briefing.json"}
2025-10-01 21:35:06,872 - PatternEngine - DEBUG - logger:debug:78 - Loaded pattern: opportunity_scan {"file": "patterns/workflows/opportunity_scan.json"}
2025-10-01 21:35:06,873 - PatternEngine - DEBUG - logger:debug:78 - Loaded pattern: deep_dive {"file": "patterns/workflows/deep_dive.json"}
2025-10-01 21:35:06,873 - PatternEngine - DEBUG - logger:debug:78 - Loaded pattern: add_to_portfolio {"file": "patterns/actions/add_to_portfolio.json"}
2025-10-01 21:35:06,873 - PatternEngine - DEBUG - logger:debug:78 - Loaded pattern: generate_forecast {"file": "patterns/actions/generate_forecast.json"}
2025-10-01 21:35:06,874 - PatternEngine - DEBUG - logger:debug:78 - Loaded pattern: create_alert {"file": "patterns/actions/create_alert.json"}
2025-10-01 21:35:06,874 - PatternEngine - DEBUG - logger:debug:78 - Loaded pattern: export_data {"file": "patterns/actions/export_data.json"}
2025-10-01 21:35:06,874 - PatternEngine - DEBUG - logger:debug:78 - Loaded pattern: add_to_graph {"file": "patterns/actions/add_to_graph.json"}
