2025-10-02 07:12:17,058 - PatternEngine - INFO - logger:info:83 - Skipped 1 schema files 
2025-10-02 07:12:17,058 - PatternEngine - INFO - logger:info:83 - Loaded 40 patterns successfully 
2025-10-02 07:12:59,003 - PatternEngine - DEBUG - logger:debug:78 - Pattern match: correlation_finder {"pattern_id": "correlation_finder", "confidence": 0.475, "matched": true}
2025-10-02 07:13:01,158 - PatternEngine - DEBUG - logger:debug:78 - Pattern match: correlation_finder {"pattern_id": "correlation_finder", "confidence": 0.475, "matched": true}
2025-10-02 07:26:59,281 - PatternEngine - DEBUG - logger:debug:78 - No pattern matched for: Give me a market update for today 
2025-10-02 07:31:32,546 - PatternEngine - DEBUG - logger:debug:78 - Pattern match: macro_analysis {"pattern_id": "macro_analysis", "confidence": 0.475, "matched": true}
2025-10-02 07:32:13,588 - PatternEngine - DEBUG - logger:debug:78 - Pattern match: dalio_cycle {"pattern_id": "dalio_cycle", "confidence": 0.5, "matched": true}
2025-10-02 07:48:24,599 - PatternEngine - INFO - logger:info:83 - Skipped 1 schema files 
2025-10-02 07:48:24,600 - PatternEngine - INFO - logger:info:83 - Loaded 41 patterns successfully 
2025-10-02 07:57:50,292 - PatternEngine - INFO - logger:info:83 - Skipped 1 schema files 
2025-10-02 07:57:50,293 - PatternEngine - INFO - logger:info:83 - Loaded 41 patterns successfully 
2025-10-02 20:32:11,604 - PatternEngine - INFO - logger:info:83 - Skipped 1 schema files 
2025-10-02 20:32:11,604 - PatternEngine - INFO - logger:info:83 - Loaded 45 patterns successfully 
2025-10-02 21:18:48,108 - PatternEngine - INFO - logger:info:83 - Skipped 1 schema files 
2025-10-02 21:18:48,108 - PatternEngine - INFO - logger:info:83 - Loaded 45 patterns successfully 
2025-10-02 21:23:01,763 - PatternEngine - INFO - logger:info:83 - Skipped 1 schema files 
2025-10-02 21:23:01,763 - PatternEngine - INFO - logger:info:83 - Loaded 45 patterns successfully 
2025-10-02 21:23:01,765 - PatternEngine - INFO - logger:info:83 - Skipped 1 schema files 
2025-10-02 21:23:01,765 - PatternEngine - INFO - logger:info:83 - Loaded 45 patterns successfully 
2025-10-02 21:23:01,766 - PatternEngine - INFO - logger:info:83 - Skipped 1 schema files 
2025-10-02 21:23:01,766 - PatternEngine - INFO - logger:info:83 - Loaded 45 patterns successfully 
2025-10-02 21:23:01,768 - PatternEngine - INFO - logger:info:83 - Skipped 1 schema files 
2025-10-02 21:23:01,768 - PatternEngine - INFO - logger:info:83 - Loaded 45 patterns successfully 
2025-10-02 21:23:01,769 - PatternEngine - INFO - logger:info:83 - Skipped 1 schema files 
2025-10-02 21:23:01,769 - PatternEngine - INFO - logger:info:83 - Loaded 45 patterns successfully 
2025-10-02 21:23:01,770 - PatternEngine - INFO - logger:info:83 - Skipped 1 schema files 
2025-10-02 21:23:01,770 - PatternEngine - INFO - logger:info:83 - Loaded 45 patterns successfully 
2025-10-02 21:23:01,771 - PatternEngine - INFO - logger:info:83 - Skipped 1 schema files 
2025-10-02 21:23:01,771 - PatternEngine - INFO - logger:info:83 - Loaded 45 patterns successfully 
2025-10-02 21:23:01,772 - PatternEngine - INFO - logger:info:83 - Skipped 1 schema files 
2025-10-02 21:23:01,772 - PatternEngine - INFO - logger:info:83 - Loaded 45 patterns successfully 
2025-10-02 21:24:06,073 - PatternEngine - INFO - logger:info:83 - Skipped 1 schema files 
2025-10-02 21:24:06,073 - PatternEngine - INFO - logger:info:83 - Loaded 45 patterns successfully 
2025-10-02 21:24:06,075 - PatternEngine - INFO - logger:info:83 - Skipped 1 schema files 
2025-10-02 21:24:06,075 - PatternEngine - INFO - logger:info:83 - Loaded 45 patterns successfully 
2025-10-02 21:24:06,076 - PatternEngine - INFO - logger:info:83 - Skipped 1 schema files 
2025-10-02 21:24:06,076 - PatternEngine - INFO - logger:info:83 - Loaded 45 patterns successfully 
2025-10-02 21:24:06,077 - PatternEngine - INFO - logger:info:83 - Skipped 1 schema files 
2025-10-02 21:24:06,077 - PatternEngine - INFO - logger:info:83 - Loaded 45 patterns successfully 
2025-10-02 21:24:06,078 - PatternEngine - INFO - logger:info:83 - Skipped 1 schema files 
2025-10-02 21:24:06,078 - PatternEngine - INFO - logger:info:83 - Loaded 45 patterns successfully 
2025-10-02 21:24:06,080 - PatternEngine - INFO - logger:info:83 - Skipped 1 schema files 
2025-10-02 21:24:06,080 - PatternEngine - INFO - logger:info:83 - Loaded 45 patterns successfully 
2025-10-02 21:24:06,081 - PatternEngine - INFO - logger:info:83 - Skipped 1 schema files 
2025-10-02 21:24:06,081 - PatternEngine - INFO - logger:info:83 - Loaded 45 patterns successfully 
2025-10-02 21:24:06,082 - PatternEngine - INFO - logger:info:83 - Skipped 1 schema files 
2025-10-02 21:24:06,082 - PatternEngine - INFO - logger:info:83 - Loaded 45 patterns successfully 
2025-10-02 21:24:12,091 - PatternEngine - INFO - logger:info:83 - Skipped 1 schema files 
2025-10-02 21:24:12,091 - PatternEngine - INFO - logger:info:83 - Loaded 45 patterns successfully 
2025-10-02 21:24:12,093 - PatternEngine - INFO - logger:info:83 - Skipped 1 schema files 
2025-10-02 21:24:12,093 - PatternEngine - INFO - logger:info:83 - Loaded 45 patterns successfully 
2025-10-02 21:24:12,094 - PatternEngine - INFO - logger:info:83 - Skipped 1 schema files 
2025-10-02 21:24:12,094 - PatternEngine - INFO - logger:info:83 - Loaded 45 patterns successfully 
2025-10-02 21:24:12,095 - PatternEngine - INFO - logger:info:83 - Skipped 1 schema files 
2025-10-02 21:24:12,095 - PatternEngine - INFO - logger:info:83 - Loaded 45 patterns successfully 
2025-10-02 21:24:12,097 - PatternEngine - INFO - logger:info:83 - Skipped 1 schema files 
2025-10-02 21:24:12,097 - PatternEngine - INFO - logger:info:83 - Loaded 45 patterns successfully 
2025-10-02 21:24:12,098 - PatternEngine - INFO - logger:info:83 - Skipped 1 schema files 
2025-10-02 21:24:12,098 - PatternEngine - INFO - logger:info:83 - Loaded 45 patterns successfully 
2025-10-02 21:24:12,099 - PatternEngine - INFO - logger:info:83 - Skipped 1 schema files 
2025-10-02 21:24:12,099 - PatternEngine - INFO - logger:info:83 - Loaded 45 patterns successfully 
2025-10-02 21:24:12,100 - PatternEngine - INFO - logger:info:83 - Skipped 1 schema files 
2025-10-02 21:24:12,100 - PatternEngine - INFO - logger:info:83 - Loaded 45 patterns successfully 
2025-10-02 21:24:17,359 - PatternEngine - INFO - logger:info:83 - Skipped 1 schema files 
2025-10-02 21:24:17,359 - PatternEngine - INFO - logger:info:83 - Loaded 45 patterns successfully 
2025-10-02 21:24:17,361 - PatternEngine - INFO - logger:info:83 - Skipped 1 schema files 
2025-10-02 21:24:17,361 - PatternEngine - INFO - logger:info:83 - Loaded 45 patterns successfully 
2025-10-02 21:24:17,362 - PatternEngine - INFO - logger:info:83 - Skipped 1 schema files 
2025-10-02 21:24:17,362 - PatternEngine - INFO - logger:info:83 - Loaded 45 patterns successfully 
2025-10-02 21:24:17,363 - PatternEngine - INFO - logger:info:83 - Skipped 1 schema files 
2025-10-02 21:24:17,363 - PatternEngine - INFO - logger:info:83 - Loaded 45 patterns successfully 
2025-10-02 21:24:17,364 - PatternEngine - INFO - logger:info:83 - Skipped 1 schema files 
2025-10-02 21:24:17,364 - PatternEngine - INFO - logger:info:83 - Loaded 45 patterns successfully 
2025-10-02 21:24:17,365 - PatternEngine - INFO - logger:info:83 - Skipped 1 schema files 
2025-10-02 21:24:17,365 - PatternEngine - INFO - logger:info:83 - Loaded 45 patterns successfully 
2025-10-02 21:24:17,367 - PatternEngine - INFO - logger:info:83 - Skipped 1 schema files 
2025-10-02 21:24:17,367 - PatternEngine - INFO - logger:info:83 - Loaded 45 patterns successfully 
2025-10-02 21:24:17,368 - PatternEngine - INFO - logger:info:83 - Skipped 1 schema files 
2025-10-02 21:24:17,368 - PatternEngine - INFO - logger:info:83 - Loaded 45 patterns successfully 
2025-10-02 21:43:03,662 - PatternEngine - INFO - logger:info:83 - Skipped 1 schema files 
2025-10-02 21:43:03,662 - PatternEngine - INFO - logger:info:83 - Loaded 45 patterns successfully 
2025-10-02 21:43:03,666 - PatternEngine - INFO - logger:info:83 - Skipped 1 schema files 
2025-10-02 21:43:03,666 - PatternEngine - INFO - logger:info:83 - Loaded 45 patterns successfully 
2025-10-02 21:43:03,667 - PatternEngine - INFO - logger:info:83 - Skipped 1 schema files 
2025-10-02 21:43:03,667 - PatternEngine - INFO - logger:info:83 - Loaded 45 patterns successfully 
2025-10-02 21:43:03,668 - PatternEngine - INFO - logger:info:83 - Skipped 1 schema files 
2025-10-02 21:43:03,668 - PatternEngine - INFO - logger:info:83 - Loaded 45 patterns successfully 
2025-10-02 21:43:03,669 - PatternEngine - INFO - logger:info:83 - Skipped 1 schema files 
2025-10-02 21:43:03,669 - PatternEngine - INFO - logger:info:83 - Loaded 45 patterns successfully 
2025-10-02 21:43:03,671 - PatternEngine - INFO - logger:info:83 - Skipped 1 schema files 
2025-10-02 21:43:03,671 - PatternEngine - INFO - logger:info:83 - Loaded 45 patterns successfully 
2025-10-02 21:45:41,583 - PatternEngine - INFO - logger:info:83 - Skipped 1 schema files 
2025-10-02 21:45:41,583 - PatternEngine - INFO - logger:info:83 - Loaded 45 patterns successfully 
2025-10-02 21:45:41,586 - PatternEngine - INFO - logger:info:83 - Skipped 1 schema files 
2025-10-02 21:45:41,586 - PatternEngine - INFO - logger:info:83 - Loaded 45 patterns successfully 
2025-10-02 21:45:41,587 - PatternEngine - INFO - logger:info:83 - Skipped 1 schema files 
2025-10-02 21:45:41,587 - PatternEngine - INFO - logger:info:83 - Loaded 45 patterns successfully 
2025-10-02 21:45:41,589 - PatternEngine - INFO - logger:info:83 - Skipped 1 schema files 
2025-10-02 21:45:41,589 - PatternEngine - INFO - logger:info:83 - Loaded 45 patterns successfully 
2025-10-02 21:45:41,590 - PatternEngine - INFO - logger:info:83 - Skipped 1 schema files 
2025-10-02 21:45:41,590 - PatternEngine - INFO - logger:info:83 - Loaded 45 patterns successfully 
2025-10-02 21:45:41,591 - PatternEngine - INFO - logger:info:83 - Skipped 1 schema files 
2025-10-02 21:45:41,591 - PatternEngine - INFO - logger:info:83 - Loaded 45 patterns successfully 
2025-10-02 21:46:07,667 - PatternEngine - INFO - logger:info:83 - Skipped 1 schema files 
2025-10-02 21:46:07,667 - PatternEngine - INFO - logger:info:83 - Loaded 45 patterns successfully 
2025-10-02 21:46:07,674 - PatternEngine - INFO - logger:info:83 - Skipped 1 schema files 
2025-10-02 21:46:07,674 - PatternEngine - INFO - logger:info:83 - Loaded 45 patterns successfully 
2025-10-02 21:46:07,676 - PatternEngine - INFO - logger:info:83 - Skipped 1 schema files 
2025-10-02 21:46:07,676 - PatternEngine - INFO - logger:info:83 - Loaded 45 patterns successfully 
2025-10-02 21:46:07,678 - PatternEngine - INFO - logger:info:83 - Skipped 1 schema files 
2025-10-02 21:46:07,678 - PatternEngine - INFO - logger:info:83 - Loaded 45 patterns successfully 
2025-10-02 21:46:07,680 - PatternEngine - INFO - logger:info:83 - Skipped 1 schema files 
2025-10-02 21:46:07,680 - PatternEngine - INFO - logger:info:83 - Loaded 45 patterns successfully 
2025-10-02 21:46:07,681 - PatternEngine - INFO - logger:info:83 - Skipped 1 schema files 
2025-10-02 21:46:07,681 - PatternEngine - INFO - logger:info:83 - Loaded 45 patterns successfully 
2025-10-02 21:56:50,831 - PatternEngine - INFO - logger:info:83 - Skipped 1 schema files 
2025-10-02 21:56:50,831 - PatternEngine - INFO - logger:info:83 - Loaded 45 patterns successfully 
2025-10-02 21:56:50,834 - PatternEngine - INFO - logger:info:83 - Skipped 1 schema files 
2025-10-02 21:56:50,834 - PatternEngine - INFO - logger:info:83 - Loaded 45 patterns successfully 
2025-10-02 21:56:50,835 - PatternEngine - INFO - logger:info:83 - Skipped 1 schema files 
2025-10-02 21:56:50,835 - PatternEngine - INFO - logger:info:83 - Loaded 45 patterns successfully 
2025-10-02 21:56:50,836 - PatternEngine - INFO - logger:info:83 - Skipped 1 schema files 
2025-10-02 21:56:50,836 - PatternEngine - INFO - logger:info:83 - Loaded 45 patterns successfully 
2025-10-02 21:56:50,837 - PatternEngine - INFO - logger:info:83 - Skipped 1 schema files 
2025-10-02 21:56:50,837 - PatternEngine - INFO - logger:info:83 - Loaded 45 patterns successfully 
2025-10-02 21:56:50,838 - PatternEngine - INFO - logger:info:83 - Skipped 1 schema files 
2025-10-02 21:56:50,838 - PatternEngine - INFO - logger:info:83 - Loaded 45 patterns successfully 
2025-10-02 21:56:56,646 - PatternEngine - INFO - logger:info:83 - Skipped 1 schema files 
2025-10-02 21:56:56,646 - PatternEngine - INFO - logger:info:83 - Loaded 45 patterns successfully 
2025-10-02 21:56:56,648 - PatternEngine - INFO - logger:info:83 - Skipped 1 schema files 
2025-10-02 21:56:56,648 - PatternEngine - INFO - logger:info:83 - Loaded 45 patterns successfully 
2025-10-02 21:56:56,649 - PatternEngine - INFO - logger:info:83 - Skipped 1 schema files 
2025-10-02 21:56:56,649 - PatternEngine - INFO - logger:info:83 - Loaded 45 patterns successfully 
2025-10-02 21:56:56,650 - PatternEngine - INFO - logger:info:83 - Skipped 1 schema files 
2025-10-02 21:56:56,650 - PatternEngine - INFO - logger:info:83 - Loaded 45 patterns successfully 
2025-10-02 21:56:56,652 - PatternEngine - INFO - logger:info:83 - Skipped 1 schema files 
2025-10-02 21:56:56,652 - PatternEngine - INFO - logger:info:83 - Loaded 45 patterns successfully 
2025-10-02 21:56:56,653 - PatternEngine - INFO - logger:info:83 - Skipped 1 schema files 
2025-10-02 21:56:56,653 - PatternEngine - INFO - logger:info:83 - Loaded 45 patterns successfully 
2025-10-02 21:59:27,756 - PatternEngine - INFO - logger:info:83 - Skipped 1 schema files 
2025-10-02 21:59:27,756 - PatternEngine - INFO - logger:info:83 - Loaded 45 patterns successfully 
2025-10-02 21:59:27,758 - PatternEngine - INFO - logger:info:83 - Skipped 1 schema files 
2025-10-02 21:59:27,758 - PatternEngine - INFO - logger:info:83 - Loaded 45 patterns successfully 
2025-10-02 21:59:27,759 - PatternEngine - INFO - logger:info:83 - Skipped 1 schema files 
2025-10-02 21:59:27,759 - PatternEngine - INFO - logger:info:83 - Loaded 45 patterns successfully 
2025-10-02 21:59:27,761 - PatternEngine - INFO - logger:info:83 - Skipped 1 schema files 
2025-10-02 21:59:27,761 - PatternEngine - INFO - logger:info:83 - Loaded 45 patterns successfully 
2025-10-02 21:59:27,762 - PatternEngine - INFO - logger:info:83 - Skipped 1 schema files 
2025-10-02 21:59:27,762 - PatternEngine - INFO - logger:info:83 - Loaded 45 patterns successfully 
2025-10-02 21:59:27,763 - PatternEngine - INFO - logger:info:83 - Skipped 1 schema files 
2025-10-02 21:59:27,763 - PatternEngine - INFO - logger:info:83 - Loaded 45 patterns successfully 
2025-10-02 21:59:27,765 - PatternEngine - INFO - logger:info:83 - Skipped 1 schema files 
2025-10-02 21:59:27,765 - PatternEngine - INFO - logger:info:83 - Loaded 45 patterns successfully 
2025-10-02 21:59:27,766 - PatternEngine - INFO - logger:info:83 - Skipped 1 schema files 
2025-10-02 21:59:27,766 - PatternEngine - INFO - logger:info:83 - Loaded 45 patterns successfully 
2025-10-02 22:03:49,097 - PatternEngine - INFO - logger:info:83 - Skipped 1 schema files 
2025-10-02 22:03:49,097 - PatternEngine - INFO - logger:info:83 - Loaded 45 patterns successfully 
2025-10-02 22:03:55,336 - PatternEngine - INFO - logger:info:83 - Skipped 1 schema files 
2025-10-02 22:03:55,336 - PatternEngine - INFO - logger:info:83 - Loaded 45 patterns successfully 
2025-10-02 22:03:55,338 - PatternEngine - INFO - logger:info:83 - Skipped 1 schema files 
2025-10-02 22:03:55,338 - PatternEngine - INFO - logger:info:83 - Loaded 45 patterns successfully 
2025-10-02 22:03:55,339 - PatternEngine - INFO - logger:info:83 - Skipped 1 schema files 
2025-10-02 22:03:55,339 - PatternEngine - INFO - logger:info:83 - Loaded 45 patterns successfully 
2025-10-02 22:03:55,340 - PatternEngine - INFO - logger:info:83 - Skipped 1 schema files 
2025-10-02 22:03:55,340 - PatternEngine - INFO - logger:info:83 - Loaded 45 patterns successfully 
2025-10-02 22:03:55,341 - PatternEngine - INFO - logger:info:83 - Skipped 1 schema files 
2025-10-02 22:03:55,341 - PatternEngine - INFO - logger:info:83 - Loaded 45 patterns successfully 
2025-10-02 22:03:55,342 - PatternEngine - INFO - logger:info:83 - Skipped 1 schema files 
2025-10-02 22:03:55,342 - PatternEngine - INFO - logger:info:83 - Loaded 45 patterns successfully 
2025-10-02 22:23:39,352 - PatternEngine - INFO - logger:info:83 - Skipped 1 schema files 
2025-10-02 22:23:39,352 - PatternEngine - INFO - logger:info:83 - Loaded 45 patterns successfully 
2025-10-02 22:23:39,354 - PatternEngine - INFO - logger:info:83 - Skipped 1 schema files 
2025-10-02 22:23:39,354 - PatternEngine - INFO - logger:info:83 - Loaded 45 patterns successfully 
2025-10-02 22:26:04,549 - PatternEngine - DEBUG - logger:debug:78 - No pattern matched for: Run Buffett checklist for MSFT 
2025-10-02 22:26:11,489 - PatternEngine - DEBUG - logger:debug:78 - Pattern match: sector_performance {"pattern_id": "sector_performance", "confidence": 0.5, "matched": true}
2025-10-02 22:46:01,162 - PatternEngine - DEBUG - logger:debug:78 - Pattern match: moat_analyzer {"pattern_id": "moat_analyzer", "confidence": 0.5, "matched": true}
