2025-10-03 09:07:28,650 - KnowledgeLoader - INFO - logger:info:83 - Knowledge Loader initialized with 7 datasets 
2025-10-03 09:07:28,659 - KnowledgeLoader - INFO - logger:info:83 - Loaded dataset 'ui_configurations' from dawsos/storage/knowledge/ui_configurations.json 
2025-10-03 09:07:29,789 - KnowledgeLoader - INFO - logger:info:83 - Loaded dataset 'economic_cycles' from dawsos/storage/knowledge/economic_cycles.json 
2025-10-03 09:07:29,790 - KnowledgeLoader - DEBUG - logger:debug:78 - Cache hit for dataset 'economic_cycles' 
2025-10-03 09:07:29,803 - KnowledgeLoader - DEBUG - logger:debug:78 - Cache hit for dataset 'ui_configurations' 
2025-10-03 09:07:29,804 - KnowledgeLoader - INFO - logger:info:83 - Loaded dataset 'sector_correlations' from dawsos/storage/knowledge/sector_correlations.json 
2025-10-03 09:07:29,805 - KnowledgeLoader - DEBUG - logger:debug:78 - Cache hit for dataset 'sector_correlations' 
2025-10-03 09:07:29,819 - KnowledgeLoader - INFO - logger:info:83 - Loaded dataset 'sector_performance' from dawsos/storage/knowledge/sector_performance.json 
2025-10-03 09:07:29,819 - KnowledgeLoader - DEBUG - logger:debug:78 - Cache hit for dataset 'economic_cycles' 
2025-10-03 09:07:29,821 - KnowledgeLoader - DEBUG - logger:debug:78 - Cache hit for dataset 'ui_configurations' 
2025-10-03 09:07:29,824 - KnowledgeLoader - DEBUG - logger:debug:78 - Cache hit for dataset 'ui_configurations' 
2025-10-03 09:07:34,405 - KnowledgeLoader - DEBUG - logger:debug:78 - Cache hit for dataset 'ui_configurations' 
2025-10-03 09:07:36,342 - KnowledgeLoader - DEBUG - logger:debug:78 - Cache hit for dataset 'economic_cycles' 
2025-10-03 09:07:36,343 - KnowledgeLoader - DEBUG - logger:debug:78 - Cache hit for dataset 'economic_cycles' 
2025-10-03 09:07:36,357 - KnowledgeLoader - DEBUG - logger:debug:78 - Cache hit for dataset 'ui_configurations' 
2025-10-03 09:07:36,358 - KnowledgeLoader - DEBUG - logger:debug:78 - Cache hit for dataset 'sector_correlations' 
2025-10-03 09:07:36,359 - KnowledgeLoader - DEBUG - logger:debug:78 - Cache hit for dataset 'sector_correlations' 
2025-10-03 09:07:36,370 - KnowledgeLoader - DEBUG - logger:debug:78 - Cache hit for dataset 'sector_performance' 
2025-10-03 09:07:36,370 - KnowledgeLoader - DEBUG - logger:debug:78 - Cache hit for dataset 'economic_cycles' 
2025-10-03 09:07:36,372 - KnowledgeLoader - DEBUG - logger:debug:78 - Cache hit for dataset 'ui_configurations' 
2025-10-03 09:07:36,375 - KnowledgeLoader - DEBUG - logger:debug:78 - Cache hit for dataset 'ui_configurations' 
2025-10-03 09:08:22,018 - KnowledgeLoader - INFO - logger:info:83 - Knowledge Loader initialized with 7 datasets 
2025-10-03 09:11:50,546 - KnowledgeLoader - INFO - logger:info:83 - Knowledge Loader initialized with 7 datasets 
2025-10-03 09:28:31,714 - KnowledgeLoader - DEBUG - logger:debug:78 - Cache hit for dataset 'ui_configurations' 
2025-10-03 09:28:33,023 - KnowledgeLoader - DEBUG - logger:debug:78 - Cache hit for dataset 'economic_cycles' 
2025-10-03 09:28:33,023 - KnowledgeLoader - DEBUG - logger:debug:78 - Cache hit for dataset 'economic_cycles' 
2025-10-03 09:28:33,042 - KnowledgeLoader - DEBUG - logger:debug:78 - Cache hit for dataset 'ui_configurations' 
2025-10-03 09:28:33,042 - KnowledgeLoader - DEBUG - logger:debug:78 - Cache hit for dataset 'sector_correlations' 
2025-10-03 09:28:33,043 - KnowledgeLoader - DEBUG - logger:debug:78 - Cache hit for dataset 'sector_correlations' 
2025-10-03 09:28:33,049 - KnowledgeLoader - DEBUG - logger:debug:78 - Cache hit for dataset 'sector_performance' 
2025-10-03 09:28:33,050 - KnowledgeLoader - DEBUG - logger:debug:78 - Cache hit for dataset 'economic_cycles' 
2025-10-03 09:28:33,052 - KnowledgeLoader - DEBUG - logger:debug:78 - Cache hit for dataset 'ui_configurations' 
2025-10-03 09:28:33,054 - KnowledgeLoader - DEBUG - logger:debug:78 - Cache hit for dataset 'ui_configurations' 
2025-10-03 09:28:35,162 - KnowledgeLoader - DEBUG - logger:debug:78 - Cache hit for dataset 'ui_configurations' 
2025-10-03 09:28:37,435 - KnowledgeLoader - DEBUG - logger:debug:78 - Cache hit for dataset 'economic_cycles' 
2025-10-03 09:28:37,435 - KnowledgeLoader - DEBUG - logger:debug:78 - Cache hit for dataset 'economic_cycles' 
2025-10-03 09:28:37,452 - KnowledgeLoader - DEBUG - logger:debug:78 - Cache hit for dataset 'ui_configurations' 
2025-10-03 09:28:37,453 - KnowledgeLoader - DEBUG - logger:debug:78 - Cache hit for dataset 'sector_correlations' 
2025-10-03 09:28:37,454 - KnowledgeLoader - DEBUG - logger:debug:78 - Cache hit for dataset 'sector_correlations' 
2025-10-03 09:28:37,463 - KnowledgeLoader - DEBUG - logger:debug:78 - Cache hit for dataset 'sector_performance' 
2025-10-03 09:28:37,464 - KnowledgeLoader - DEBUG - logger:debug:78 - Cache hit for dataset 'economic_cycles' 
2025-10-03 09:28:37,467 - KnowledgeLoader - DEBUG - logger:debug:78 - Cache hit for dataset 'ui_configurations' 
2025-10-03 09:28:37,469 - KnowledgeLoader - DEBUG - logger:debug:78 - Cache hit for dataset 'ui_configurations' 
2025-10-03 09:28:43,657 - KnowledgeLoader - DEBUG - logger:debug:78 - Cache hit for dataset 'ui_configurations' 
2025-10-03 09:28:44,745 - KnowledgeLoader - DEBUG - logger:debug:78 - Cache hit for dataset 'economic_cycles' 
2025-10-03 09:28:44,746 - KnowledgeLoader - DEBUG - logger:debug:78 - Cache hit for dataset 'economic_cycles' 
2025-10-03 09:28:44,764 - KnowledgeLoader - DEBUG - logger:debug:78 - Cache hit for dataset 'ui_configurations' 
2025-10-03 09:28:44,764 - KnowledgeLoader - DEBUG - logger:debug:78 - Cache hit for dataset 'sector_correlations' 
2025-10-03 09:28:44,765 - KnowledgeLoader - DEBUG - logger:debug:78 - Cache hit for dataset 'sector_correlations' 
2025-10-03 09:28:44,773 - KnowledgeLoader - DEBUG - logger:debug:78 - Cache hit for dataset 'sector_performance' 
2025-10-03 09:28:44,773 - KnowledgeLoader - DEBUG - logger:debug:78 - Cache hit for dataset 'economic_cycles' 
2025-10-03 09:28:44,776 - KnowledgeLoader - DEBUG - logger:debug:78 - Cache hit for dataset 'ui_configurations' 
2025-10-03 09:28:44,778 - KnowledgeLoader - DEBUG - logger:debug:78 - Cache hit for dataset 'ui_configurations' 
2025-10-03 09:28:44,922 - KnowledgeLoader - DEBUG - logger:debug:78 - Cache hit for dataset 'ui_configurations' 
2025-10-03 09:28:46,091 - KnowledgeLoader - DEBUG - logger:debug:78 - Cache hit for dataset 'economic_cycles' 
2025-10-03 09:28:46,091 - KnowledgeLoader - DEBUG - logger:debug:78 - Cache hit for dataset 'economic_cycles' 
2025-10-03 09:28:46,111 - KnowledgeLoader - DEBUG - logger:debug:78 - Cache hit for dataset 'ui_configurations' 
2025-10-03 09:28:46,111 - KnowledgeLoader - DEBUG - logger:debug:78 - Cache hit for dataset 'sector_correlations' 
2025-10-03 09:28:46,111 - KnowledgeLoader - DEBUG - logger:debug:78 - Cache hit for dataset 'sector_correlations' 
2025-10-03 09:28:46,115 - KnowledgeLoader - DEBUG - logger:debug:78 - Cache hit for dataset 'sector_performance' 
2025-10-03 09:28:46,115 - KnowledgeLoader - DEBUG - logger:debug:78 - Cache hit for dataset 'economic_cycles' 
2025-10-03 09:28:46,117 - KnowledgeLoader - DEBUG - logger:debug:78 - Cache hit for dataset 'ui_configurations' 
2025-10-03 09:28:46,119 - KnowledgeLoader - DEBUG - logger:debug:78 - Cache hit for dataset 'ui_configurations' 
2025-10-03 09:29:15,473 - KnowledgeLoader - DEBUG - logger:debug:78 - Cache hit for dataset 'ui_configurations' 
2025-10-03 09:29:16,518 - KnowledgeLoader - DEBUG - logger:debug:78 - Cache hit for dataset 'economic_cycles' 
2025-10-03 09:29:16,519 - KnowledgeLoader - DEBUG - logger:debug:78 - Cache hit for dataset 'economic_cycles' 
2025-10-03 09:29:16,522 - KnowledgeLoader - INFO - logger:info:83 - Loaded dataset 'sp500_companies' from dawsos/storage/knowledge/sp500_companies.json 
2025-10-03 09:29:16,523 - KnowledgeLoader - INFO - logger:info:83 - Loaded dataset 'relationships' from dawsos/storage/knowledge/relationship_mappings.json 
2025-10-03 09:29:16,530 - KnowledgeLoader - DEBUG - logger:debug:78 - Cache hit for dataset 'ui_configurations' 
2025-10-03 09:29:16,530 - KnowledgeLoader - DEBUG - logger:debug:78 - Cache hit for dataset 'sector_correlations' 
2025-10-03 09:29:16,530 - KnowledgeLoader - DEBUG - logger:debug:78 - Cache hit for dataset 'sector_correlations' 
2025-10-03 09:29:16,536 - KnowledgeLoader - DEBUG - logger:debug:78 - Cache hit for dataset 'sector_performance' 
2025-10-03 09:29:16,536 - KnowledgeLoader - DEBUG - logger:debug:78 - Cache hit for dataset 'economic_cycles' 
2025-10-03 09:29:16,539 - KnowledgeLoader - DEBUG - logger:debug:78 - Cache hit for dataset 'ui_configurations' 
2025-10-03 09:29:16,540 - KnowledgeLoader - DEBUG - logger:debug:78 - Cache hit for dataset 'ui_configurations' 
2025-10-03 09:30:12,011 - KnowledgeLoader - DEBUG - logger:debug:78 - Cache hit for dataset 'ui_configurations' 
2025-10-03 09:30:13,074 - KnowledgeLoader - DEBUG - logger:debug:78 - Cache hit for dataset 'economic_cycles' 
2025-10-03 09:30:13,075 - KnowledgeLoader - DEBUG - logger:debug:78 - Cache hit for dataset 'economic_cycles' 
2025-10-03 09:30:13,095 - KnowledgeLoader - DEBUG - logger:debug:78 - Cache hit for dataset 'ui_configurations' 
2025-10-03 09:30:13,095 - KnowledgeLoader - DEBUG - logger:debug:78 - Cache hit for dataset 'sector_correlations' 
2025-10-03 09:30:13,096 - KnowledgeLoader - DEBUG - logger:debug:78 - Cache hit for dataset 'sector_correlations' 
2025-10-03 09:30:13,104 - KnowledgeLoader - DEBUG - logger:debug:78 - Cache hit for dataset 'sector_performance' 
2025-10-03 09:30:13,104 - KnowledgeLoader - DEBUG - logger:debug:78 - Cache hit for dataset 'economic_cycles' 
2025-10-03 09:30:13,107 - KnowledgeLoader - DEBUG - logger:debug:78 - Cache hit for dataset 'ui_configurations' 
2025-10-03 09:30:13,109 - KnowledgeLoader - DEBUG - logger:debug:78 - Cache hit for dataset 'ui_configurations' 
2025-10-03 09:30:15,526 - KnowledgeLoader - DEBUG - logger:debug:78 - Cache hit for dataset 'ui_configurations' 
2025-10-03 09:30:16,452 - KnowledgeLoader - DEBUG - logger:debug:78 - Cache hit for dataset 'economic_cycles' 
2025-10-03 09:30:16,453 - KnowledgeLoader - DEBUG - logger:debug:78 - Cache hit for dataset 'economic_cycles' 
2025-10-03 09:30:16,460 - KnowledgeLoader - DEBUG - logger:debug:78 - Cache hit for dataset 'sp500_companies' 
2025-10-03 09:30:16,460 - KnowledgeLoader - DEBUG - logger:debug:78 - Cache hit for dataset 'relationships' 
2025-10-03 09:30:16,472 - KnowledgeLoader - DEBUG - logger:debug:78 - Cache hit for dataset 'ui_configurations' 
2025-10-03 09:30:16,472 - KnowledgeLoader - DEBUG - logger:debug:78 - Cache hit for dataset 'sector_correlations' 
2025-10-03 09:30:16,473 - KnowledgeLoader - DEBUG - logger:debug:78 - Cache hit for dataset 'sector_correlations' 
2025-10-03 09:30:16,482 - KnowledgeLoader - DEBUG - logger:debug:78 - Cache hit for dataset 'sector_performance' 
2025-10-03 09:30:16,482 - KnowledgeLoader - DEBUG - logger:debug:78 - Cache hit for dataset 'economic_cycles' 
2025-10-03 09:30:16,485 - KnowledgeLoader - DEBUG - logger:debug:78 - Cache hit for dataset 'ui_configurations' 
2025-10-03 09:30:16,487 - KnowledgeLoader - DEBUG - logger:debug:78 - Cache hit for dataset 'ui_configurations' 
2025-10-03 09:30:51,585 - KnowledgeLoader - DEBUG - logger:debug:78 - Cache hit for dataset 'ui_configurations' 
2025-10-03 09:30:53,072 - KnowledgeLoader - DEBUG - logger:debug:78 - Cache hit for dataset 'economic_cycles' 
2025-10-03 09:30:53,073 - KnowledgeLoader - DEBUG - logger:debug:78 - Cache hit for dataset 'economic_cycles' 
2025-10-03 09:30:53,090 - KnowledgeLoader - DEBUG - logger:debug:78 - Cache hit for dataset 'ui_configurations' 
2025-10-03 09:30:53,090 - KnowledgeLoader - DEBUG - logger:debug:78 - Cache hit for dataset 'sector_correlations' 
2025-10-03 09:30:53,091 - KnowledgeLoader - DEBUG - logger:debug:78 - Cache hit for dataset 'sector_correlations' 
2025-10-03 09:30:53,099 - KnowledgeLoader - DEBUG - logger:debug:78 - Cache hit for dataset 'sector_performance' 
2025-10-03 09:30:53,099 - KnowledgeLoader - DEBUG - logger:debug:78 - Cache hit for dataset 'economic_cycles' 
2025-10-03 09:30:53,102 - KnowledgeLoader - DEBUG - logger:debug:78 - Cache hit for dataset 'ui_configurations' 
2025-10-03 09:30:53,104 - KnowledgeLoader - DEBUG - logger:debug:78 - Cache hit for dataset 'ui_configurations' 
2025-10-03 09:31:17,169 - KnowledgeLoader - DEBUG - logger:debug:78 - Cache hit for dataset 'ui_configurations' 
2025-10-03 09:31:18,105 - KnowledgeLoader - DEBUG - logger:debug:78 - Cache hit for dataset 'economic_cycles' 
2025-10-03 09:31:18,106 - KnowledgeLoader - DEBUG - logger:debug:78 - Cache hit for dataset 'economic_cycles' 
2025-10-03 09:31:18,124 - KnowledgeLoader - DEBUG - logger:debug:78 - Cache hit for dataset 'ui_configurations' 
2025-10-03 09:31:18,125 - KnowledgeLoader - DEBUG - logger:debug:78 - Cache hit for dataset 'sector_correlations' 
2025-10-03 09:31:18,126 - KnowledgeLoader - DEBUG - logger:debug:78 - Cache hit for dataset 'sector_correlations' 
2025-10-03 09:31:18,134 - KnowledgeLoader - DEBUG - logger:debug:78 - Cache hit for dataset 'sector_performance' 
2025-10-03 09:31:18,134 - KnowledgeLoader - DEBUG - logger:debug:78 - Cache hit for dataset 'economic_cycles' 
2025-10-03 09:31:18,136 - KnowledgeLoader - DEBUG - logger:debug:78 - Cache hit for dataset 'ui_configurations' 
2025-10-03 09:31:18,139 - KnowledgeLoader - DEBUG - logger:debug:78 - Cache hit for dataset 'ui_configurations' 
2025-10-03 09:38:44,559 - KnowledgeLoader - INFO - logger:info:83 - Loaded dataset 'ui_configurations' from dawsos/storage/knowledge/ui_configurations.json 
2025-10-03 09:38:45,505 - KnowledgeLoader - INFO - logger:info:83 - Loaded dataset 'economic_cycles' from dawsos/storage/knowledge/economic_cycles.json 
2025-10-03 09:38:45,506 - KnowledgeLoader - DEBUG - logger:debug:78 - Cache hit for dataset 'economic_cycles' 
2025-10-03 09:38:45,523 - KnowledgeLoader - DEBUG - logger:debug:78 - Cache hit for dataset 'ui_configurations' 
2025-10-03 09:38:45,524 - KnowledgeLoader - INFO - logger:info:83 - Loaded dataset 'sector_correlations' from dawsos/storage/knowledge/sector_correlations.json 
2025-10-03 09:38:45,525 - KnowledgeLoader - DEBUG - logger:debug:78 - Cache hit for dataset 'sector_correlations' 
2025-10-03 09:38:45,536 - KnowledgeLoader - INFO - logger:info:83 - Loaded dataset 'sector_performance' from dawsos/storage/knowledge/sector_performance.json 
2025-10-03 09:38:45,536 - KnowledgeLoader - DEBUG - logger:debug:78 - Cache hit for dataset 'economic_cycles' 
2025-10-03 09:38:45,538 - KnowledgeLoader - DEBUG - logger:debug:78 - Cache hit for dataset 'ui_configurations' 
2025-10-03 09:38:45,540 - KnowledgeLoader - DEBUG - logger:debug:78 - Cache hit for dataset 'ui_configurations' 
2025-10-03 09:39:53,663 - KnowledgeLoader - INFO - logger:info:83 - Knowledge Loader initialized with 7 datasets 
2025-10-03 09:39:53,683 - KnowledgeLoader - INFO - logger:info:83 - Loaded dataset 'ui_configurations' from dawsos/storage/knowledge/ui_configurations.json 
2025-10-03 09:39:54,574 - KnowledgeLoader - INFO - logger:info:83 - Loaded dataset 'economic_cycles' from dawsos/storage/knowledge/economic_cycles.json 
2025-10-03 09:39:54,574 - KnowledgeLoader - DEBUG - logger:debug:78 - Cache hit for dataset 'economic_cycles' 
2025-10-03 09:39:54,579 - KnowledgeLoader - DEBUG - logger:debug:78 - Cache hit for dataset 'ui_configurations' 
2025-10-03 09:39:54,579 - KnowledgeLoader - INFO - logger:info:83 - Loaded dataset 'sector_correlations' from dawsos/storage/knowledge/sector_correlations.json 
2025-10-03 09:39:54,580 - KnowledgeLoader - DEBUG - logger:debug:78 - Cache hit for dataset 'sector_correlations' 
2025-10-03 09:39:54,584 - KnowledgeLoader - INFO - logger:info:83 - Loaded dataset 'sector_performance' from dawsos/storage/knowledge/sector_performance.json 
2025-10-03 09:39:54,584 - KnowledgeLoader - DEBUG - logger:debug:78 - Cache hit for dataset 'economic_cycles' 
2025-10-03 09:39:54,585 - KnowledgeLoader - DEBUG - logger:debug:78 - Cache hit for dataset 'ui_configurations' 
2025-10-03 09:39:54,587 - KnowledgeLoader - DEBUG - logger:debug:78 - Cache hit for dataset 'ui_configurations' 
2025-10-03 10:51:00,216 - KnowledgeLoader - INFO - logger:info:83 - Knowledge Loader initialized with 7 datasets 
2025-10-03 10:51:00,227 - KnowledgeLoader - INFO - logger:info:83 - Loaded dataset 'ui_configurations' from dawsos/storage/knowledge/ui_configurations.json 
2025-10-03 10:51:01,309 - KnowledgeLoader - INFO - logger:info:83 - Loaded dataset 'economic_cycles' from dawsos/storage/knowledge/economic_cycles.json 
2025-10-03 10:51:01,309 - KnowledgeLoader - DEBUG - logger:debug:78 - Cache hit for dataset 'economic_cycles' 
2025-10-03 10:51:01,326 - KnowledgeLoader - DEBUG - logger:debug:78 - Cache hit for dataset 'ui_configurations' 
2025-10-03 10:51:01,328 - KnowledgeLoader - INFO - logger:info:83 - Loaded dataset 'sector_correlations' from dawsos/storage/knowledge/sector_correlations.json 
2025-10-03 10:51:01,328 - KnowledgeLoader - DEBUG - logger:debug:78 - Cache hit for dataset 'sector_correlations' 
2025-10-03 10:51:01,339 - KnowledgeLoader - INFO - logger:info:83 - Loaded dataset 'sector_performance' from dawsos/storage/knowledge/sector_performance.json 
2025-10-03 10:51:01,339 - KnowledgeLoader - DEBUG - logger:debug:78 - Cache hit for dataset 'economic_cycles' 
2025-10-03 10:51:01,342 - KnowledgeLoader - DEBUG - logger:debug:78 - Cache hit for dataset 'ui_configurations' 
2025-10-03 10:51:01,345 - KnowledgeLoader - DEBUG - logger:debug:78 - Cache hit for dataset 'ui_configurations' 
2025-10-03 10:51:11,831 - KnowledgeLoader - DEBUG - logger:debug:78 - Cache hit for dataset 'ui_configurations' 
2025-10-03 10:51:13,909 - KnowledgeLoader - DEBUG - logger:debug:78 - Cache hit for dataset 'economic_cycles' 
2025-10-03 10:51:13,911 - KnowledgeLoader - DEBUG - logger:debug:78 - Cache hit for dataset 'economic_cycles' 
2025-10-03 10:51:13,925 - KnowledgeLoader - DEBUG - logger:debug:78 - Cache hit for dataset 'ui_configurations' 
2025-10-03 10:51:13,926 - KnowledgeLoader - DEBUG - logger:debug:78 - Cache hit for dataset 'sector_correlations' 
2025-10-03 10:51:13,927 - KnowledgeLoader - DEBUG - logger:debug:78 - Cache hit for dataset 'sector_correlations' 
2025-10-03 10:51:13,936 - KnowledgeLoader - DEBUG - logger:debug:78 - Cache hit for dataset 'sector_performance' 
2025-10-03 10:51:13,936 - KnowledgeLoader - DEBUG - logger:debug:78 - Cache hit for dataset 'economic_cycles' 
2025-10-03 10:51:13,939 - KnowledgeLoader - DEBUG - logger:debug:78 - Cache hit for dataset 'ui_configurations' 
2025-10-03 10:51:13,941 - KnowledgeLoader - DEBUG - logger:debug:78 - Cache hit for dataset 'ui_configurations' 
2025-10-03 12:28:05,381 - KnowledgeLoader - INFO - logger:info:83 - Loaded dataset 'ui_configurations' from dawsos/storage/knowledge/ui_configurations.json 
2025-10-03 12:28:06,565 - KnowledgeLoader - INFO - logger:info:83 - Loaded dataset 'economic_cycles' from dawsos/storage/knowledge/economic_cycles.json 
2025-10-03 12:28:06,566 - KnowledgeLoader - DEBUG - logger:debug:78 - Cache hit for dataset 'economic_cycles' 
2025-10-03 12:28:06,573 - KnowledgeLoader - DEBUG - logger:debug:78 - Cache hit for dataset 'ui_configurations' 
2025-10-03 12:28:06,573 - KnowledgeLoader - INFO - logger:info:83 - Loaded dataset 'sector_correlations' from dawsos/storage/knowledge/sector_correlations.json 
2025-10-03 12:28:06,574 - KnowledgeLoader - DEBUG - logger:debug:78 - Cache hit for dataset 'sector_correlations' 
2025-10-03 12:28:06,579 - KnowledgeLoader - INFO - logger:info:83 - Loaded dataset 'sector_performance' from dawsos/storage/knowledge/sector_performance.json 
2025-10-03 12:28:06,579 - KnowledgeLoader - DEBUG - logger:debug:78 - Cache hit for dataset 'economic_cycles' 
2025-10-03 12:28:06,580 - KnowledgeLoader - DEBUG - logger:debug:78 - Cache hit for dataset 'ui_configurations' 
2025-10-03 12:28:06,581 - KnowledgeLoader - DEBUG - logger:debug:78 - Cache hit for dataset 'ui_configurations' 
2025-10-03 13:02:26,206 - KnowledgeLoader - INFO - logger:info:83 - Knowledge Loader initialized with 26 datasets 
2025-10-03 13:02:26,246 - KnowledgeLoader - INFO - logger:info:83 - Loaded dataset 'ui_configurations' from dawsos/storage/knowledge/ui_configurations.json 
2025-10-03 13:02:27,903 - KnowledgeLoader - INFO - logger:info:83 - Loaded dataset 'economic_cycles' from dawsos/storage/knowledge/economic_cycles.json 
2025-10-03 13:02:27,903 - KnowledgeLoader - DEBUG - logger:debug:78 - Cache hit for dataset 'economic_cycles' 
2025-10-03 13:02:27,923 - KnowledgeLoader - DEBUG - logger:debug:78 - Cache hit for dataset 'ui_configurations' 
2025-10-03 13:02:27,925 - KnowledgeLoader - INFO - logger:info:83 - Loaded dataset 'sector_correlations' from dawsos/storage/knowledge/sector_correlations.json 
2025-10-03 13:02:27,926 - KnowledgeLoader - DEBUG - logger:debug:78 - Cache hit for dataset 'sector_correlations' 
2025-10-03 13:02:27,938 - KnowledgeLoader - INFO - logger:info:83 - Loaded dataset 'sector_performance' from dawsos/storage/knowledge/sector_performance.json 
2025-10-03 13:02:27,939 - KnowledgeLoader - DEBUG - logger:debug:78 - Cache hit for dataset 'economic_cycles' 
2025-10-03 13:02:27,942 - KnowledgeLoader - DEBUG - logger:debug:78 - Cache hit for dataset 'ui_configurations' 
2025-10-03 13:02:27,945 - KnowledgeLoader - DEBUG - logger:debug:78 - Cache hit for dataset 'ui_configurations' 
2025-10-03 13:05:17,290 - KnowledgeLoader - INFO - logger:info:83 - Knowledge Loader initialized with 26 datasets 
2025-10-03 14:52:56,230 - KnowledgeLoader - INFO - logger:info:83 - Knowledge Loader initialized with 26 datasets 
2025-10-03 14:58:03,067 - KnowledgeLoader - INFO - logger:info:83 - Knowledge Loader initialized with 26 datasets 
2025-10-03 14:58:20,226 - KnowledgeLoader - INFO - logger:info:83 - Knowledge Loader initialized with 26 datasets 
2025-10-03 14:58:57,048 - KnowledgeLoader - INFO - logger:info:83 - Knowledge Loader initialized with 26 datasets 
2025-10-03 14:59:37,759 - KnowledgeLoader - INFO - logger:info:83 - Knowledge Loader initialized with 26 datasets 
2025-10-03 15:00:06,437 - KnowledgeLoader - INFO - logger:info:83 - Knowledge Loader initialized with 26 datasets 
2025-10-03 15:00:28,316 - KnowledgeLoader - INFO - logger:info:83 - Knowledge Loader initialized with 26 datasets 
2025-10-03 15:00:45,741 - KnowledgeLoader - INFO - logger:info:83 - Knowledge Loader initialized with 26 datasets 
2025-10-03 15:01:25,233 - KnowledgeLoader - INFO - logger:info:83 - Knowledge Loader initialized with 26 datasets 
2025-10-03 15:12:26,517 - KnowledgeLoader - INFO - logger:info:83 - Loaded dataset 'ui_configurations' from dawsos/storage/knowledge/ui_configurations.json 
2025-10-03 15:12:32,514 - KnowledgeLoader - INFO - logger:info:83 - Loaded dataset 'economic_cycles' from dawsos/storage/knowledge/economic_cycles.json 
2025-10-03 15:12:32,514 - KnowledgeLoader - DEBUG - logger:debug:78 - Cache hit for dataset 'economic_cycles' 
2025-10-03 15:12:32,532 - KnowledgeLoader - DEBUG - logger:debug:78 - Cache hit for dataset 'ui_configurations' 
2025-10-03 15:12:32,533 - KnowledgeLoader - INFO - logger:info:83 - Loaded dataset 'sector_correlations' from dawsos/storage/knowledge/sector_correlations.json 
2025-10-03 15:12:32,534 - KnowledgeLoader - DEBUG - logger:debug:78 - Cache hit for dataset 'sector_correlations' 
2025-10-03 15:12:32,543 - KnowledgeLoader - INFO - logger:info:83 - Loaded dataset 'sector_performance' from dawsos/storage/knowledge/sector_performance.json 
2025-10-03 15:12:32,543 - KnowledgeLoader - DEBUG - logger:debug:78 - Cache hit for dataset 'economic_cycles' 
2025-10-03 15:12:32,546 - KnowledgeLoader - DEBUG - logger:debug:78 - Cache hit for dataset 'ui_configurations' 
2025-10-03 15:12:32,548 - KnowledgeLoader - DEBUG - logger:debug:78 - Cache hit for dataset 'ui_configurations' 
2025-10-03 15:30:15,906 - KnowledgeLoader - DEBUG - logger:debug:78 - Cache hit for dataset 'ui_configurations' 
2025-10-03 15:30:16,347 - KnowledgeLoader - INFO - logger:info:83 - Knowledge Loader initialized with 26 datasets 
2025-10-03 15:30:17,711 - KnowledgeLoader - DEBUG - logger:debug:78 - Cache hit for dataset 'economic_cycles' 
2025-10-03 15:30:17,711 - KnowledgeLoader - DEBUG - logger:debug:78 - Cache hit for dataset 'economic_cycles' 
2025-10-03 15:30:17,729 - KnowledgeLoader - DEBUG - logger:debug:78 - Cache hit for dataset 'ui_configurations' 
2025-10-03 15:30:17,729 - KnowledgeLoader - DEBUG - logger:debug:78 - Cache hit for dataset 'sector_correlations' 
2025-10-03 15:30:17,730 - KnowledgeLoader - DEBUG - logger:debug:78 - Cache hit for dataset 'sector_correlations' 
2025-10-03 15:30:17,740 - KnowledgeLoader - DEBUG - logger:debug:78 - Cache hit for dataset 'sector_performance' 
2025-10-03 15:30:17,740 - KnowledgeLoader - DEBUG - logger:debug:78 - Cache hit for dataset 'economic_cycles' 
2025-10-03 15:30:17,743 - KnowledgeLoader - DEBUG - logger:debug:78 - Cache hit for dataset 'ui_configurations' 
2025-10-03 15:30:17,745 - KnowledgeLoader - DEBUG - logger:debug:78 - Cache hit for dataset 'ui_configurations' 
2025-10-03 15:31:32,529 - KnowledgeLoader - INFO - logger:info:83 - Knowledge Loader initialized with 26 datasets 
2025-10-03 15:31:32,590 - KnowledgeLoader - INFO - logger:info:83 - Knowledge Loader initialized with 26 datasets 
2025-10-03 15:31:32,637 - KnowledgeLoader - INFO - logger:info:83 - Knowledge Loader initialized with 26 datasets 
2025-10-03 15:32:04,147 - KnowledgeLoader - DEBUG - logger:debug:78 - Cache hit for dataset 'ui_configurations' 
2025-10-03 15:32:05,249 - KnowledgeLoader - DEBUG - logger:debug:78 - Cache hit for dataset 'economic_cycles' 
2025-10-03 15:32:05,249 - KnowledgeLoader - DEBUG - logger:debug:78 - Cache hit for dataset 'economic_cycles' 
2025-10-03 15:32:05,268 - KnowledgeLoader - DEBUG - logger:debug:78 - Cache hit for dataset 'ui_configurations' 
2025-10-03 15:32:05,268 - KnowledgeLoader - DEBUG - logger:debug:78 - Cache hit for dataset 'sector_correlations' 
2025-10-03 15:32:05,268 - KnowledgeLoader - DEBUG - logger:debug:78 - Cache hit for dataset 'sector_correlations' 
2025-10-03 15:32:05,274 - KnowledgeLoader - DEBUG - logger:debug:78 - Cache hit for dataset 'sector_performance' 
2025-10-03 15:32:05,274 - KnowledgeLoader - DEBUG - logger:debug:78 - Cache hit for dataset 'economic_cycles' 
2025-10-03 15:32:05,276 - KnowledgeLoader - DEBUG - logger:debug:78 - Cache hit for dataset 'ui_configurations' 
2025-10-03 15:32:05,277 - KnowledgeLoader - DEBUG - logger:debug:78 - Cache hit for dataset 'ui_configurations' 
2025-10-03 15:32:05,412 - KnowledgeLoader - DEBUG - logger:debug:78 - Cache hit for dataset 'ui_configurations' 
2025-10-03 15:32:06,399 - KnowledgeLoader - DEBUG - logger:debug:78 - Cache hit for dataset 'economic_cycles' 
2025-10-03 15:32:06,399 - KnowledgeLoader - DEBUG - logger:debug:78 - Cache hit for dataset 'economic_cycles' 
2025-10-03 15:32:06,407 - KnowledgeLoader - DEBUG - logger:debug:78 - Cache hit for dataset 'ui_configurations' 
2025-10-03 15:32:06,408 - KnowledgeLoader - DEBUG - logger:debug:78 - Cache hit for dataset 'sector_correlations' 
2025-10-03 15:32:06,408 - KnowledgeLoader - DEBUG - logger:debug:78 - Cache hit for dataset 'sector_correlations' 
2025-10-03 15:32:06,414 - KnowledgeLoader - DEBUG - logger:debug:78 - Cache hit for dataset 'sector_performance' 
2025-10-03 15:32:06,414 - KnowledgeLoader - DEBUG - logger:debug:78 - Cache hit for dataset 'economic_cycles' 
2025-10-03 15:32:06,416 - KnowledgeLoader - DEBUG - logger:debug:78 - Cache hit for dataset 'ui_configurations' 
2025-10-03 15:32:06,418 - KnowledgeLoader - DEBUG - logger:debug:78 - Cache hit for dataset 'ui_configurations' 
2025-10-03 15:32:16,007 - KnowledgeLoader - DEBUG - logger:debug:78 - Cache hit for dataset 'ui_configurations' 
2025-10-03 15:32:19,604 - KnowledgeLoader - DEBUG - logger:debug:78 - Cache hit for dataset 'economic_cycles' 
2025-10-03 15:32:19,605 - KnowledgeLoader - DEBUG - logger:debug:78 - Cache hit for dataset 'economic_cycles' 
2025-10-03 15:32:19,613 - KnowledgeLoader - DEBUG - logger:debug:78 - Cache hit for dataset 'ui_configurations' 
2025-10-03 15:32:19,614 - KnowledgeLoader - DEBUG - logger:debug:78 - Cache hit for dataset 'sector_correlations' 
2025-10-03 15:32:19,614 - KnowledgeLoader - DEBUG - logger:debug:78 - Cache hit for dataset 'sector_correlations' 
2025-10-03 15:32:19,619 - KnowledgeLoader - DEBUG - logger:debug:78 - Cache hit for dataset 'sector_performance' 
2025-10-03 15:32:19,619 - KnowledgeLoader - DEBUG - logger:debug:78 - Cache hit for dataset 'economic_cycles' 
2025-10-03 15:32:19,621 - KnowledgeLoader - DEBUG - logger:debug:78 - Cache hit for dataset 'ui_configurations' 
2025-10-03 15:32:19,623 - KnowledgeLoader - DEBUG - logger:debug:78 - Cache hit for dataset 'ui_configurations' 
2025-10-03 15:32:19,720 - KnowledgeLoader - DEBUG - logger:debug:78 - Cache hit for dataset 'ui_configurations' 
2025-10-03 15:32:20,634 - KnowledgeLoader - DEBUG - logger:debug:78 - Cache hit for dataset 'economic_cycles' 
2025-10-03 15:32:20,635 - KnowledgeLoader - DEBUG - logger:debug:78 - Cache hit for dataset 'economic_cycles' 
2025-10-03 15:32:20,656 - KnowledgeLoader - DEBUG - logger:debug:78 - Cache hit for dataset 'ui_configurations' 
2025-10-03 15:32:20,656 - KnowledgeLoader - DEBUG - logger:debug:78 - Cache hit for dataset 'sector_correlations' 
2025-10-03 15:32:20,657 - KnowledgeLoader - DEBUG - logger:debug:78 - Cache hit for dataset 'sector_correlations' 
2025-10-03 15:32:20,665 - KnowledgeLoader - DEBUG - logger:debug:78 - Cache hit for dataset 'sector_performance' 
2025-10-03 15:32:20,665 - KnowledgeLoader - DEBUG - logger:debug:78 - Cache hit for dataset 'economic_cycles' 
2025-10-03 15:32:20,668 - KnowledgeLoader - DEBUG - logger:debug:78 - Cache hit for dataset 'ui_configurations' 
2025-10-03 15:32:20,670 - KnowledgeLoader - DEBUG - logger:debug:78 - Cache hit for dataset 'ui_configurations' 
2025-10-03 15:33:44,538 - KnowledgeLoader - DEBUG - logger:debug:78 - Cache hit for dataset 'ui_configurations' 
2025-10-03 15:33:45,658 - KnowledgeLoader - DEBUG - logger:debug:78 - Cache hit for dataset 'economic_cycles' 
2025-10-03 15:33:45,658 - KnowledgeLoader - DEBUG - logger:debug:78 - Cache hit for dataset 'economic_cycles' 
2025-10-03 15:33:45,680 - KnowledgeLoader - DEBUG - logger:debug:78 - Cache hit for dataset 'ui_configurations' 
2025-10-03 15:33:45,680 - KnowledgeLoader - DEBUG - logger:debug:78 - Cache hit for dataset 'sector_correlations' 
2025-10-03 15:33:45,681 - KnowledgeLoader - DEBUG - logger:debug:78 - Cache hit for dataset 'sector_correlations' 
2025-10-03 15:33:45,689 - KnowledgeLoader - DEBUG - logger:debug:78 - Cache hit for dataset 'sector_performance' 
2025-10-03 15:33:45,689 - KnowledgeLoader - DEBUG - logger:debug:78 - Cache hit for dataset 'economic_cycles' 
2025-10-03 15:33:45,693 - KnowledgeLoader - DEBUG - logger:debug:78 - Cache hit for dataset 'ui_configurations' 
2025-10-03 15:33:45,695 - KnowledgeLoader - DEBUG - logger:debug:78 - Cache hit for dataset 'ui_configurations' 
2025-10-03 15:33:45,804 - KnowledgeLoader - DEBUG - logger:debug:78 - Cache hit for dataset 'ui_configurations' 
2025-10-03 15:33:46,978 - KnowledgeLoader - DEBUG - logger:debug:78 - Cache hit for dataset 'economic_cycles' 
2025-10-03 15:33:46,979 - KnowledgeLoader - DEBUG - logger:debug:78 - Cache hit for dataset 'economic_cycles' 
2025-10-03 15:33:47,003 - KnowledgeLoader - DEBUG - logger:debug:78 - Cache hit for dataset 'ui_configurations' 
2025-10-03 15:33:47,003 - KnowledgeLoader - DEBUG - logger:debug:78 - Cache hit for dataset 'sector_correlations' 
2025-10-03 15:33:47,004 - KnowledgeLoader - DEBUG - logger:debug:78 - Cache hit for dataset 'sector_correlations' 
2025-10-03 15:33:47,011 - KnowledgeLoader - DEBUG - logger:debug:78 - Cache hit for dataset 'sector_performance' 
2025-10-03 15:33:47,012 - KnowledgeLoader - DEBUG - logger:debug:78 - Cache hit for dataset 'economic_cycles' 
2025-10-03 15:33:47,014 - KnowledgeLoader - DEBUG - logger:debug:78 - Cache hit for dataset 'ui_configurations' 
2025-10-03 15:33:47,016 - KnowledgeLoader - DEBUG - logger:debug:78 - Cache hit for dataset 'ui_configurations' 
2025-10-03 15:35:21,714 - KnowledgeLoader - INFO - logger:info:83 - Knowledge Loader initialized with 26 datasets 
2025-10-03 15:38:55,307 - KnowledgeLoader - INFO - logger:info:83 - Knowledge Loader initialized with 26 datasets 
2025-10-03 15:38:59,382 - KnowledgeLoader - INFO - logger:info:83 - Knowledge Loader initialized with 26 datasets 
2025-10-03 15:39:33,906 - KnowledgeLoader - INFO - logger:info:83 - Knowledge Loader initialized with 26 datasets 
2025-10-03 16:39:41,284 - KnowledgeLoader - INFO - logger:info:83 - Knowledge Loader initialized with 26 datasets 
2025-10-03 16:39:43,439 - KnowledgeLoader - INFO - logger:info:83 - Knowledge Loader initialized with 26 datasets 
2025-10-03 16:39:43,449 - KnowledgeLoader - INFO - logger:info:83 - Loaded dataset 'ui_configurations' from dawsos/storage/knowledge/ui_configurations.json 
2025-10-03 16:39:44,647 - KnowledgeLoader - INFO - logger:info:83 - Loaded dataset 'economic_cycles' from dawsos/storage/knowledge/economic_cycles.json 
2025-10-03 16:39:44,648 - KnowledgeLoader - DEBUG - logger:debug:78 - Cache hit for dataset 'economic_cycles' 
2025-10-03 16:39:44,662 - KnowledgeLoader - DEBUG - logger:debug:78 - Cache hit for dataset 'ui_configurations' 
2025-10-03 16:39:44,663 - KnowledgeLoader - INFO - logger:info:83 - Loaded dataset 'sector_correlations' from dawsos/storage/knowledge/sector_correlations.json 
2025-10-03 16:39:44,665 - KnowledgeLoader - DEBUG - logger:debug:78 - Cache hit for dataset 'sector_correlations' 
2025-10-03 16:39:44,677 - KnowledgeLoader - INFO - logger:info:83 - Loaded dataset 'sector_performance' from dawsos/storage/knowledge/sector_performance.json 
2025-10-03 16:39:44,677 - KnowledgeLoader - DEBUG - logger:debug:78 - Cache hit for dataset 'economic_cycles' 
2025-10-03 16:39:44,681 - KnowledgeLoader - DEBUG - logger:debug:78 - Cache hit for dataset 'ui_configurations' 
2025-10-03 16:39:44,684 - KnowledgeLoader - DEBUG - logger:debug:78 - Cache hit for dataset 'ui_configurations' 
2025-10-03 16:39:46,050 - KnowledgeLoader - DEBUG - logger:debug:78 - Cache hit for dataset 'ui_configurations' 
2025-10-03 16:39:49,737 - KnowledgeLoader - DEBUG - logger:debug:78 - Cache hit for dataset 'economic_cycles' 
2025-10-03 16:39:49,738 - KnowledgeLoader - DEBUG - logger:debug:78 - Cache hit for dataset 'economic_cycles' 
2025-10-03 16:39:49,757 - KnowledgeLoader - DEBUG - logger:debug:78 - Cache hit for dataset 'ui_configurations' 
2025-10-03 16:39:49,757 - KnowledgeLoader - DEBUG - logger:debug:78 - Cache hit for dataset 'sector_correlations' 
2025-10-03 16:39:49,758 - KnowledgeLoader - DEBUG - logger:debug:78 - Cache hit for dataset 'sector_correlations' 
2025-10-03 16:39:49,766 - KnowledgeLoader - DEBUG - logger:debug:78 - Cache hit for dataset 'sector_performance' 
2025-10-03 16:39:49,766 - KnowledgeLoader - DEBUG - logger:debug:78 - Cache hit for dataset 'economic_cycles' 
2025-10-03 16:39:49,769 - KnowledgeLoader - DEBUG - logger:debug:78 - Cache hit for dataset 'ui_configurations' 
2025-10-03 16:39:49,772 - KnowledgeLoader - DEBUG - logger:debug:78 - Cache hit for dataset 'ui_configurations' 
2025-10-03 16:39:49,897 - KnowledgeLoader - DEBUG - logger:debug:78 - Cache hit for dataset 'ui_configurations' 
2025-10-03 16:39:50,771 - KnowledgeLoader - DEBUG - logger:debug:78 - Cache hit for dataset 'economic_cycles' 
2025-10-03 16:39:50,772 - KnowledgeLoader - DEBUG - logger:debug:78 - Cache hit for dataset 'economic_cycles' 
2025-10-03 16:39:50,789 - KnowledgeLoader - DEBUG - logger:debug:78 - Cache hit for dataset 'ui_configurations' 
2025-10-03 16:39:50,789 - KnowledgeLoader - DEBUG - logger:debug:78 - Cache hit for dataset 'sector_correlations' 
2025-10-03 16:39:50,792 - KnowledgeLoader - DEBUG - logger:debug:78 - Cache hit for dataset 'sector_correlations' 
2025-10-03 16:39:50,800 - KnowledgeLoader - DEBUG - logger:debug:78 - Cache hit for dataset 'sector_performance' 
2025-10-03 16:39:50,800 - KnowledgeLoader - DEBUG - logger:debug:78 - Cache hit for dataset 'economic_cycles' 
2025-10-03 16:39:50,804 - KnowledgeLoader - DEBUG - logger:debug:78 - Cache hit for dataset 'ui_configurations' 
2025-10-03 16:39:50,806 - KnowledgeLoader - DEBUG - logger:debug:78 - Cache hit for dataset 'ui_configurations' 
