2025-10-03 14:58:03,068 - PatternEngine - ERROR - logger:error:100 - Pattern not found: nonexistent_pattern {"error_type": null, "error_message": null}
2025-10-03 14:58:03,068 - PatternEngine - ERROR - logger:error:100 - Pattern not found: some_pattern {"error_type": null, "error_message": null}
2025-10-03 14:58:20,226 - PatternEngine - ERROR - logger:error:100 - Pattern not found: nonexistent_pattern {"error_type": null, "error_message": null}
2025-10-03 14:58:20,226 - PatternEngine - ERROR - logger:error:100 - Pattern not found: meta_executor {"error_type": null, "error_message": null}
2025-10-03 14:58:57,056 - PatternEngine - ERROR - logger:error:100 - Pattern not found: nonexistent_pattern {"error_type": null, "error_message": null}
2025-10-03 14:59:37,767 - PatternEngine - ERROR - logger:error:100 - Pattern not found: nonexistent_pattern {"error_type": null, "error_message": null}
2025-10-03 14:59:37,767 - PatternEngine - ERROR - logger:error:100 - Max recursion depth exceeded for pattern meta_executor {"error_type": null, "error_message": null}
2025-10-03 15:00:06,444 - PatternEngine - ERROR - logger:error:100 - Pattern not found: nonexistent_pattern {"error_type": null, "error_message": null}
2025-10-03 15:00:06,444 - PatternEngine - ERROR - logger:error:100 - Max recursion depth exceeded for pattern meta_executor {"error_type": null, "error_message": null}
2025-10-03 15:00:28,325 - PatternEngine - ERROR - logger:error:100 - Pattern not found: nonexistent_pattern {"error_type": null, "error_message": null}
2025-10-03 15:00:28,325 - PatternEngine - ERROR - logger:error:100 - Max recursion depth exceeded for pattern meta_executor {"error_type": null, "error_message": null}
2025-10-03 15:00:45,748 - PatternEngine - ERROR - logger:error:100 - Pattern not found: nonexistent_pattern {"error_type": null, "error_message": null}
2025-10-03 15:00:45,748 - PatternEngine - ERROR - logger:error:100 - Max recursion depth exceeded for pattern meta_executor {"error_type": null, "error_message": null}
2025-10-03 15:01:25,242 - PatternEngine - ERROR - logger:error:100 - Pattern not found: None {"error_type": null, "error_message": null}
2025-10-03 15:31:32,538 - PatternEngine - ERROR - logger:error:100 - Pattern not found: nonexistent_pattern {"error_type": null, "error_message": null}
2025-10-03 15:31:32,538 - PatternEngine - ERROR - logger:error:100 - Max recursion depth exceeded for pattern meta_executor {"error_type": null, "error_message": null}
2025-10-03 15:31:32,592 - PatternEngine - ERROR - logger:error:100 - Pattern not found: None {"error_type": null, "error_message": null}
2025-10-03 15:35:21,723 - PatternEngine - ERROR - logger:error:100 - Pattern not found: nonexistent_pattern {"error_type": null, "error_message": null}
2025-10-03 15:35:21,723 - PatternEngine - ERROR - logger:error:100 - Max recursion depth exceeded for pattern meta_executor {"error_type": null, "error_message": null}
2025-10-03 15:38:55,316 - PatternEngine - ERROR - logger:error:100 - Pattern not found: nonexistent_pattern {"error_type": null, "error_message": null}
2025-10-03 15:38:55,316 - PatternEngine - ERROR - logger:error:100 - Max recursion depth exceeded for pattern meta_executor {"error_type": null, "error_message": null}
2025-10-03 15:38:59,396 - PatternEngine - ERROR - logger:error:100 - Pattern not found: None {"error_type": null, "error_message": null}
