2025-10-03 09:07:28,656 - PatternEngine - INFO - logger:info:83 - Skipped 1 schema files 
2025-10-03 09:07:28,656 - PatternEngine - INFO - logger:info:83 - Loaded 45 patterns successfully 
2025-10-03 09:07:28,656 - PatternEngine - INFO - logger:info:83 - Loaded 0 patterns successfully 
2025-10-03 09:07:34,407 - PatternEngine - DEBUG - logger:debug:78 - Pattern match: sector_performance {"pattern_id": "sector_performance", "confidence": 0.5, "matched": true}
2025-10-03 09:28:31,699 - PatternEngine - WARNING - logger:warning:89 - Duplicate pattern ID 'moat_analyzer' found in dawsos/patterns/analysis/moat_analyzer.json. Previous: dawsos/patterns/analysis/moat_analyzer_legacy_backup.json 
2025-10-03 09:28:31,700 - PatternEngine - WARNING - logger:warning:89 - Duplicate pattern ID 'fundamental_analysis' found in dawsos/patterns/analysis/fundamental_analysis_legacy_backup.json. Previous: dawsos/patterns/analysis/fundamental_analysis.json 
2025-10-03 09:28:31,701 - PatternEngine - WARNING - logger:warning:89 - Duplicate pattern ID 'buffett_checklist' found in dawsos/patterns/analysis/buffett_checklist_legacy.json. Previous: dawsos/patterns/analysis/buffett_checklist.json 
2025-10-03 09:28:31,701 - PatternEngine - WARNING - logger:warning:89 - Duplicate pattern ID 'owner_earnings' found in dawsos/patterns/analysis/owner_earnings.json. Previous: dawsos/patterns/analysis/owner_earnings_legacy_backup.json 
2025-10-03 09:28:31,710 - PatternEngine - WARNING - logger:warning:89 - Found 4 duplicate pattern IDs 
2025-10-03 09:28:31,710 - PatternEngine - INFO - logger:info:83 - Skipped 1 schema files 
2025-10-03 09:28:31,710 - PatternEngine - INFO - logger:info:83 - Loaded 45 patterns successfully 
2025-10-03 09:28:31,711 - PatternEngine - INFO - logger:info:83 - Loaded 0 patterns successfully 
2025-10-03 09:28:35,164 - PatternEngine - DEBUG - logger:debug:78 - Pattern match: sector_performance {"pattern_id": "sector_performance", "confidence": 0.5, "matched": true}
2025-10-03 09:39:53,677 - PatternEngine - INFO - logger:info:83 - Skipped 1 schema files 
2025-10-03 09:39:53,678 - PatternEngine - INFO - logger:info:83 - Loaded 45 patterns successfully 
2025-10-03 09:39:53,678 - PatternEngine - INFO - logger:info:83 - Loaded 0 patterns successfully 
2025-10-03 10:51:00,224 - PatternEngine - INFO - logger:info:83 - Skipped 1 schema files 
2025-10-03 10:51:00,225 - PatternEngine - INFO - logger:info:83 - Loaded 45 patterns successfully 
2025-10-03 10:51:00,225 - PatternEngine - INFO - logger:info:83 - Loaded 0 patterns successfully 
2025-10-03 10:51:11,832 - PatternEngine - DEBUG - logger:debug:78 - Pattern match: sector_performance {"pattern_id": "sector_performance", "confidence": 0.5, "matched": true}
